2023-12-04T08:53:39.090Z -info : /api/getAllDesigns API Calling
2023-12-04T08:53:39.140Z -info : /api/getAllDesigns -Successfully retrieved all designs
2023-12-04T08:58:43.262Z -info : /api/getAllDesigns API Calling
2023-12-04T08:58:43.296Z -info : /api/getAllDesigns -Successfully retrieved all designs



2023-12-04T08:59:06.220Z -info : /api/getAllDesigns API Calling
2023-12-04T08:59:06.241Z -info : /api/getAllDesigns -Successfully retrieved all designs
2023-12-04T08:59:12.863Z -info : /api/:milestoneName/:projectName/:stage/:type API Calling.
2023-12-04T08:59:12.880Z -info : Checklist Send for Floorplan and milestone_0.5 Successfully.
2023-12-04T08:59:17.849Z -info : /api/:milestoneName/:projectName/:stage/:type API Calling.
2023-12-04T08:59:17.854Z -info : Checklist Send for Floorplan and milestone_0.5 Successfully.
2023-12-04T08:59:47.171Z -info : Connection to the MySQL database has been established successfully.
2023-12-04T08:59:53.823Z -info : Connection to the MySQL database has been established successfully.
2023-12-04T09:00:40.889Z -info : Connection to the MySQL database has been established successfully.
2023-12-04T09:00:45.949Z -info : Connection to the MySQL database has been established successfully.
2023-12-04T09:00:53.503Z -info : Connection to the MySQL database has been established successfully.
2023-12-04T09:00:59.809Z -info : Connection to the MySQL database has been established successfully.
2023-12-04T09:01:04.105Z -info : Connection to the MySQL database has been established successfully.
2023-12-04T09:01:07.511Z -info : Connection to the MySQL database has been established successfully.
2023-12-04T09:01:40.854Z -info : /api/getAllDesigns API Calling
2023-12-04T09:01:40.874Z -info : /api/getAllDesigns -Successfully retrieved all designs
2023-12-04T09:01:45.136Z -info : /api/getAllDesigns API Calling
2023-12-04T09:01:45.144Z -info : /api/getAllDesigns -Successfully retrieved all designs
2023-12-04T09:01:47.134Z -info : /api/:milestoneName/demochecklist/Synthesis/preChecklist API Calling.
2023-12-04T09:01:47.146Z -info : Checklist Send for Synthesis and milestone_0.1 Successfully.
2023-12-04T09:01:48.926Z -info : /api/:milestoneName/demochecklist/Synthesis/preChecklist API Calling.
2023-12-04T09:01:48.933Z -info : Checklist Send for Synthesis and milestone_0.1 Successfully.
2023-12-04T09:01:54.980Z -info : /api/milestone_0.1/demochecklist/Synthesis/preChecklist API calling
2023-12-04T09:01:55.000Z -info : Checklist data saved for demochecklist ,Synthesis and milestone_0.1 successfully.
2023-12-04T09:01:55.016Z -info : /api/:milestoneName/demochecklist/Synthesis/preChecklist API Calling.
2023-12-04T09:01:55.023Z -info : Updated Summary Percentage for milestone_01_percentage and percentage is 80 %
2023-12-04T09:01:55.027Z -info : Checklist Send for Synthesis and milestone_0.1 Successfully.
2023-12-04T09:02:12.395Z -info : Connection to the MySQL database has been established successfully.
2023-12-04T09:02:13.556Z -info : Connection to the MySQL database has been established successfully.
2023-12-04T09:02:16.242Z -info : Connection to the MySQL database has been established successfully.
2023-12-04T09:02:20.088Z -info : Connection to the MySQL database has been established successfully.
2023-12-04T09:02:23.096Z -info : /api/milestone_0.1/demochecklist/Synthesis/preChecklist API Calling.
2023-12-04T09:02:23.116Z -info : Checklist Send for Synthesis and milestone_0.1 Successfully.
2023-12-04T09:05:09.492Z -info : /api/milestone_0.1/demochecklist/Synthesis/preChecklist API Calling.
2023-12-04T09:05:09.519Z -info : Checklist Send for Synthesis and milestone_0.1 Successfully.
2023-12-04T09:05:11.860Z -info : /api/getAllDesigns API Calling
2023-12-04T09:05:11.871Z -info : /api/getAllDesigns -Successfully retrieved all designs
2023-12-04T09:08:38.374Z -info : Connection to the MySQL database has been established successfully.
2023-12-04T09:08:44.925Z -info : Connection to the MySQL database has been established successfully.
2023-12-04T09:09:02.934Z -info : Connection to the MySQL database has been established successfully.
2023-12-04T09:09:04.567Z -info : Connection to the MySQL database has been established successfully.
2023-12-04T09:09:06.553Z -info : Connection to the MySQL database has been established successfully.
2023-12-04T09:09:10.202Z -info : Connection to the MySQL database has been established successfully.
2023-12-04T09:09:12.614Z -info : Connection to the MySQL database has been established successfully.
2023-12-04T09:09:17.291Z -info : Connection to the MySQL database has been established successfully.
2023-12-04T09:09:20.288Z -info : Connection to the MySQL database has been established successfully.
2023-12-04T09:09:29.748Z -info : Connection to the MySQL database has been established successfully.
2023-12-04T09:10:01.262Z -info : Connection to the MySQL database has been established successfully.
2023-12-04T09:10:04.259Z -info : Connection to the MySQL database has been established successfully.
2023-12-04T09:10:43.579Z -info : /api/getAllDesigns API Calling
2023-12-04T09:10:43.610Z -info : /api/getAllDesigns -Successfully retrieved all designs
2023-12-04T09:11:45.811Z -info : /api/getAllDesigns API Calling
2023-12-04T09:11:45.839Z -info : /api/getAllDesigns -Successfully retrieved all designs
2023-12-04T09:11:51.926Z -info : /api/milestone_0.8/demochecklist/Synthesis/preChecklist API Calling.
2023-12-04T09:11:51.935Z -info : Checklist Send for Synthesis and milestone_0.8 Successfully.
2023-12-04T09:11:54.831Z -info : /api/milestone_0.8/demochecklist/Synthesis/preChecklist API Calling.
2023-12-04T09:11:54.839Z -info : Checklist Send for Synthesis and milestone_0.8 Successfully.
2023-12-04T09:12:03.307Z -info : /api/milestone_0.8/demochecklist/Synthesis/preChecklist API calling
2023-12-04T09:12:03.325Z -info : Checklist data saved for demochecklist ,Synthesis and milestone_0.8 successfully.
2023-12-04T09:12:03.343Z -info : Updated Summary Percentage for milestone_08_percentage and percentage is 10 %
2023-12-04T09:12:03.348Z -info : /api/milestone_0.8/demochecklist/Synthesis/preChecklist API Calling.
2023-12-04T09:12:03.356Z -info : Checklist Send for Synthesis and milestone_0.8 Successfully.
2023-12-04T09:12:22.861Z -info : /api/milestone_0.8/demochecklist/Synthesis/preChecklist API Calling.
2023-12-04T09:12:22.876Z -info : Checklist Send for Synthesis and milestone_0.8 Successfully.
2023-12-04T09:12:24.466Z -info : /api/getAllDesigns API Calling
2023-12-04T09:12:24.478Z -info : /api/getAllDesigns -Successfully retrieved all designs
2023-12-04T09:13:32.065Z -info : /api/getAllDesigns API Calling
2023-12-04T09:13:32.074Z -info : /api/getAllDesigns -Successfully retrieved all designs
2023-12-04T09:13:36.816Z -info : /api/milestone_0.5/demochecklist/Route/preChecklist API Calling.
2023-12-04T09:13:36.831Z -info : Checklist Questions Send for Route and milestone_0.5 Successfully.
2023-12-04T09:13:54.020Z -info : /api/getAllDesigns API Calling
2023-12-04T09:13:54.038Z -info : /api/getAllDesigns -Successfully retrieved all designs
2023-12-04T09:13:57.461Z -info : /api/getAllDesigns API Calling
2023-12-04T09:13:57.468Z -info : /api/getAllDesigns -Successfully retrieved all designs
2023-12-04T09:14:02.817Z -info : /api/milestone_0.5/demochecklist/Synthesis/preChecklist API Calling.
2023-12-04T09:14:02.823Z -info : Checklist Send for Synthesis and milestone_0.5 Successfully.
2023-12-04T09:20:55.839Z -info : /api/milestone_0.5/demochecklist/Synthesis/preChecklist API Calling.
2023-12-04T09:20:55.985Z -info : Checklist Send for Synthesis and milestone_0.5 Successfully.
2023-12-04T09:21:08.563Z -info : /api/milestone_0.5/demochecklist/Synthesis/preChecklist API Calling.
2023-12-04T09:21:08.629Z -info : Checklist Send for Synthesis and milestone_0.5 Successfully.
2023-12-04T09:21:11.411Z -info : /api/getAllDesigns API Calling
2023-12-04T09:21:11.429Z -info : /api/getAllDesigns -Successfully retrieved all designs
2023-12-04T09:21:14.292Z -info : /api/milestone_0.5/demochecklist/Floorplan/preChecklist API Calling.
2023-12-04T09:21:14.299Z -info : Checklist Send for Floorplan and milestone_0.5 Successfully.
2023-12-04T09:22:04.066Z -info : /api/getAllDesigns API Calling
2023-12-04T09:22:04.079Z -info : /api/getAllDesigns -Successfully retrieved all designs
2023-12-04T09:22:06.047Z -info : /api/milestone_0.1/demochecklist/Synthesis/preChecklist API Calling.
2023-12-04T09:22:06.056Z -info : Checklist Send for Synthesis and milestone_0.1 Successfully.
2023-12-04T09:22:07.367Z -info : /api/getAllDesigns API Calling
2023-12-04T09:22:07.373Z -info : /api/getAllDesigns -Successfully retrieved all designs
2023-12-04T09:22:26.377Z -info : /api/getAllDesigns API Calling
2023-12-04T09:22:26.404Z -info : /api/getAllDesigns -Successfully retrieved all designs
2023-12-04T09:22:27.583Z -info : /api/milestone_0.5/demochecklist/Floorplan/preChecklist API Calling.
2023-12-04T09:22:27.592Z -info : Checklist Send for Floorplan and milestone_0.5 Successfully.
2023-12-04T09:23:08.346Z -info : /api/getAllDesigns API Calling
2023-12-04T09:23:08.370Z -info : /api/getAllDesigns -Successfully retrieved all designs
2023-12-04T09:23:10.722Z -info : /api/milestone_0.5/demochecklist/Synthesis/preChecklist API Calling.
2023-12-04T09:23:10.731Z -info : Checklist Send for Synthesis and milestone_0.5 Successfully.
2023-12-04T09:23:12.322Z -info : /api/getAllDesigns API Calling
2023-12-04T09:23:12.328Z -info : /api/getAllDesigns -Successfully retrieved all designs
2023-12-04T09:23:14.095Z -info : /api/milestone_0.5/demochecklist/Synthesis/preChecklist API Calling.
2023-12-04T09:23:14.100Z -info : Checklist Send for Synthesis and milestone_0.5 Successfully.
2023-12-04T09:23:35.401Z -info : /api/getAllDesigns API Calling
2023-12-04T09:23:35.409Z -info : /api/getAllDesigns -Successfully retrieved all designs
2023-12-04T09:23:39.063Z -info : /api/milestone_0.5/demochecklist/Synthesis/preChecklist API Calling.
2023-12-04T09:23:39.070Z -info : Checklist Send for Synthesis and milestone_0.5 Successfully.
2023-12-04T09:23:47.910Z -info : /api/milestone_0.5/demochecklist/Synthesis/preChecklist API Calling.
2023-12-04T09:23:47.916Z -info : Checklist Send for Synthesis and milestone_0.5 Successfully.
2023-12-04T09:24:11.639Z -info : /api/milestone_0.5/demochecklist/Synthesis/preChecklist API Calling.
2023-12-04T09:24:11.655Z -info : Checklist Send for Synthesis and milestone_0.5 Successfully.
2023-12-04T09:24:18.136Z -info : /api/milestone_0.5/demochecklist/Synthesis/preChecklist API calling
2023-12-04T09:24:18.186Z -info : Checklist data saved for demochecklist ,Synthesis and milestone_0.5 successfully.
2023-12-04T09:24:18.205Z -info : Updated Summary Percentage for milestone_05_percentage and percentage is 100 %
2023-12-04T09:24:18.239Z -info : /api/milestone_0.5/demochecklist/Synthesis/preChecklist API Calling.
2023-12-04T09:24:18.250Z -info : Checklist Send for Synthesis and milestone_0.5 Successfully.
2023-12-04T09:25:02.315Z -info : /api/milestone_0.5/demochecklist/Synthesis/preChecklist API Calling.
2023-12-04T09:25:02.338Z -info : Checklist Send for Synthesis and milestone_0.5 Successfully.
2023-12-04T09:25:57.434Z -info : /api/milestone_0.5/demochecklist/Synthesis/preChecklist API Calling.
2023-12-04T09:25:57.449Z -info : Checklist Send for Synthesis and milestone_0.5 Successfully.
2023-12-04T09:25:58.609Z -info : /api/milestone_0.5/demochecklist/Synthesis/preChecklist API Calling.
2023-12-04T09:25:58.616Z -info : Checklist Send for Synthesis and milestone_0.5 Successfully.
2023-12-04T09:25:59.494Z -info : /api/getAllDesigns API Calling
2023-12-04T09:25:59.503Z -info : /api/getAllDesigns -Successfully retrieved all designs
2023-12-04T09:26:02.040Z -info : /api/milestone_0.5/demochecklist/Synthesis/preChecklist API Calling.
2023-12-04T09:26:02.046Z -info : Checklist Send for Synthesis and milestone_0.5 Successfully.
2023-12-04T09:26:06.181Z -info : /api/milestone_0.5/demochecklist/Synthesis/preChecklist API Calling.
2023-12-04T09:26:06.185Z -info : Checklist Send for Synthesis and milestone_0.5 Successfully.
2023-12-04T09:26:44.599Z -info : /api/milestone_0.5/demochecklist/Synthesis/preChecklist API calling
2023-12-04T09:26:44.623Z -info : Checklist data saved for demochecklist ,Synthesis and milestone_0.5 successfully.
2023-12-04T09:26:44.636Z -info : Updated Summary Percentage for milestone_05_percentage and percentage is 83 %
2023-12-04T09:26:44.644Z -info : /api/milestone_0.5/demochecklist/Synthesis/preChecklist API Calling.
2023-12-04T09:26:44.649Z -info : Checklist Send for Synthesis and milestone_0.5 Successfully.
2023-12-04T09:27:04.217Z -info : /api/milestone_0.5/demochecklist/Synthesis/preChecklist API Calling.
2023-12-04T09:27:04.227Z -info : Checklist Send for Synthesis and milestone_0.5 Successfully.
2023-12-04T09:27:33.795Z -info : /api/milestone_0.5/demochecklist/Synthesis/preChecklist API Calling.
2023-12-04T09:27:33.807Z -info : Checklist Send for Synthesis and milestone_0.5 Successfully.
2023-12-04T09:27:35.785Z -info : /api/milestone_0.5/demochecklist/Synthesis/preChecklist API Calling.
2023-12-04T09:27:35.787Z -info : Checklist Send for Synthesis and milestone_0.5 Successfully.
2023-12-04T09:27:38.851Z -info : /api/milestone_0.5/demochecklist/Synthesis/preChecklist API Calling.
2023-12-04T09:27:38.856Z -info : Checklist Send for Synthesis and milestone_0.5 Successfully.
2023-12-04T09:27:41.365Z -info : /api/milestone_0.5/demochecklist/Synthesis/preChecklist API Calling.
2023-12-04T09:27:41.372Z -info : Checklist Send for Synthesis and milestone_0.5 Successfully.
2023-12-04T09:27:45.608Z -info : /api/milestone_0.5/demochecklist/Synthesis/preChecklist API calling
2023-12-04T09:27:45.620Z -info : Checklist data saved for demochecklist ,Synthesis and milestone_0.5 successfully.
2023-12-04T09:27:45.635Z -info : Updated Summary Percentage for milestone_05_percentage and percentage is 83 %
2023-12-04T09:27:45.642Z -info : /api/milestone_0.5/demochecklist/Synthesis/preChecklist API Calling.
2023-12-04T09:27:45.648Z -info : Checklist Send for Synthesis and milestone_0.5 Successfully.
2023-12-04T09:28:02.698Z -info : /api/milestone_0.5/demochecklist/Synthesis/preChecklist API Calling.
2023-12-04T09:28:02.725Z -info : Checklist Send for Synthesis and milestone_0.5 Successfully.
2023-12-04T09:28:04.771Z -info : /api/milestone_0.5/demochecklist/Synthesis/preChecklist API Calling.
2023-12-04T09:28:04.777Z -info : Checklist Send for Synthesis and milestone_0.5 Successfully.
2023-12-04T09:28:07.056Z -info : /api/milestone_0.5/demochecklist/Synthesis/preChecklist API Calling.
2023-12-04T09:28:07.063Z -info : Checklist Send for Synthesis and milestone_0.5 Successfully.
2023-12-04T09:28:07.935Z -info : /api/milestone_0.5/demochecklist/Synthesis/preChecklist API Calling.
2023-12-04T09:28:07.942Z -info : Checklist Send for Synthesis and milestone_0.5 Successfully.
2023-12-04T09:28:08.890Z -info : /api/getAllDesigns API Calling
2023-12-04T09:28:08.902Z -info : /api/getAllDesigns -Successfully retrieved all designs
2023-12-04T09:28:11.606Z -info : /api/milestone_0.5/demochecklist/Synthesis/preChecklist API Calling.
2023-12-04T09:28:11.611Z -info : Checklist Send for Synthesis and milestone_0.5 Successfully.
2023-12-04T09:28:17.148Z -info : /api/milestone_0.5/demochecklist/Synthesis/preChecklist API Calling.
2023-12-04T09:28:17.154Z -info : Checklist Send for Synthesis and milestone_0.5 Successfully.
2023-12-04T09:28:21.658Z -info : /api/milestone_0.5/demochecklist/Synthesis/preChecklist API calling
2023-12-04T09:28:21.672Z -info : Checklist data saved for demochecklist ,Synthesis and milestone_0.5 successfully.
2023-12-04T09:28:21.683Z -info : /api/milestone_0.5/demochecklist/Synthesis/preChecklist API Calling.
2023-12-04T09:28:21.691Z -info : Updated Summary Percentage for milestone_05_percentage and percentage is 83 %
2023-12-04T09:28:21.693Z -info : Checklist Send for Synthesis and milestone_0.5 Successfully.
2023-12-04T09:28:28.350Z -info : /api/milestone_0.5/demochecklist/Synthesis/preChecklist API Calling.
2023-12-04T09:28:28.360Z -info : Checklist Send for Synthesis and milestone_0.5 Successfully.
2023-12-04T09:28:29.957Z -info : /api/milestone_0.5/demochecklist/Synthesis/preChecklist API Calling.
2023-12-04T09:28:29.969Z -info : Checklist Send for Synthesis and milestone_0.5 Successfully.
2023-12-04T09:28:31.856Z -info : /api/getAllDesigns API Calling
2023-12-04T09:28:31.868Z -info : /api/getAllDesigns -Successfully retrieved all designs
2023-12-04T09:28:51.323Z -info : /api/getAllDesigns API Calling
2023-12-04T09:28:51.346Z -info : /api/getAllDesigns -Successfully retrieved all designs
2023-12-04T09:28:58.032Z -info : /api/milestone_0.1/demochecklist/Synthesis/preChecklist API Calling.
2023-12-04T09:28:58.040Z -info : Checklist Send for Synthesis and milestone_0.1 Successfully.
2023-12-04T09:29:03.670Z -info : /api/milestone_0.1/demochecklist/Synthesis/preChecklist API Calling.
2023-12-04T09:29:03.675Z -info : Checklist Send for Synthesis and milestone_0.1 Successfully.
2023-12-04T09:29:15.830Z -info : /api/milestone_0.1/demochecklist/Synthesis/preChecklist API Calling.
2023-12-04T09:29:15.845Z -info : Checklist Send for Synthesis and milestone_0.1 Successfully.
2023-12-04T09:29:19.293Z -info : /api/milestone_0.1/demochecklist/Synthesis/preChecklist API Calling.
2023-12-04T09:29:19.297Z -info : Checklist Send for Synthesis and milestone_0.1 Successfully.
2023-12-04T09:29:21.893Z -info : /api/milestone_0.1/demochecklist/Synthesis/preChecklist API Calling.
2023-12-04T09:29:21.898Z -info : Checklist Send for Synthesis and milestone_0.1 Successfully.
2023-12-04T09:29:25.856Z -info : /api/getAllDesigns API Calling
2023-12-04T09:29:25.863Z -info : /api/getAllDesigns -Successfully retrieved all designs
2023-12-04T09:29:35.925Z -info : /api/getAllDesigns API Calling
2023-12-04T09:29:35.934Z -info : /api/getAllDesigns -Successfully retrieved all designs
2023-12-04T09:31:45.741Z -info : /api/getAllDesigns API Calling
2023-12-04T09:31:45.764Z -info : /api/getAllDesigns -Successfully retrieved all designs
2023-12-04T09:31:47.572Z -info : /api/milestone_0.5/demochecklist/Floorplan/preChecklist API Calling.
2023-12-04T09:31:47.579Z -info : Checklist Send for Floorplan and milestone_0.5 Successfully.
2023-12-04T09:31:57.244Z -info : /api/getAllDesigns API Calling
2023-12-04T09:31:57.254Z -info : /api/getAllDesigns -Successfully retrieved all designs
2023-12-04T09:32:00.270Z -info : /api/milestone_0.8/demochecklist/Floorplan/preChecklist API Calling.
2023-12-04T09:32:00.280Z -info : Checklist Questions Send for Floorplan and milestone_0.8 Successfully.
2023-12-04T09:32:01.905Z -info : /api/milestone_0.8/demochecklist/Floorplan/preChecklist API Calling.
2023-12-04T09:32:01.920Z -info : Checklist Questions Send for Floorplan and milestone_0.8 Successfully.
2023-12-04T09:32:12.098Z -info : /api/milestone_0.8/demochecklist/Floorplan/preChecklist API calling
2023-12-04T09:32:12.130Z -info : Checklist data saved for demochecklist ,Floorplan and milestone_0.8 successfully.
2023-12-04T09:32:12.143Z -info : Updated Summary Percentage for milestone_08_percentage and percentage is 14 %
2023-12-04T09:32:12.146Z -info : /api/milestone_0.8/demochecklist/Floorplan/preChecklist API Calling.
2023-12-04T09:32:12.151Z -info : Checklist Send for Floorplan and milestone_0.8 Successfully.
2023-12-04T09:38:49.378Z -info : /api/milestone_0.8/demochecklist/Floorplan/preChecklist API Calling.
2023-12-04T09:38:49.433Z -info : Checklist Send for Floorplan and milestone_0.8 Successfully.
2023-12-04T09:39:00.478Z -info : /api/milestone_0.8/demochecklist/Floorplan/preChecklist API Calling.
2023-12-04T09:39:00.497Z -info : Checklist Send for Floorplan and milestone_0.8 Successfully.
2023-12-04T09:39:07.928Z -info : /api/getAllDesigns API Calling
2023-12-04T09:39:07.944Z -info : /api/getAllDesigns -Successfully retrieved all designs
2023-12-04T09:40:49.515Z -info : /api/getAllDesigns API Calling
2023-12-04T09:40:49.537Z -info : /api/getAllDesigns -Successfully retrieved all designs
2023-12-04T09:40:51.119Z -info : /api/milestone_0.5/demochecklist/Placement/preChecklist API Calling.
2023-12-04T09:40:51.130Z -info : Checklist Send for Placement and milestone_0.5 Successfully.
2023-12-04T09:41:10.628Z -info : /api/milestone_0.5/demochecklist/Placement/preChecklist API Calling.
2023-12-04T09:41:10.647Z -info : Checklist Send for Placement and milestone_0.5 Successfully.
2023-12-04T09:41:17.511Z -info : /api/milestone_0.5/demochecklist/Placement/preChecklist API Calling.
2023-12-04T09:41:17.520Z -info : Checklist Send for Placement and milestone_0.5 Successfully.
2023-12-04T09:41:22.845Z -info : /api/getAllDesigns API Calling
2023-12-04T09:41:22.856Z -info : /api/getAllDesigns -Successfully retrieved all designs
2023-12-04T09:45:50.768Z -info : /api/getAllDesigns API Calling
2023-12-04T09:45:50.918Z -info : /api/getAllDesigns -Successfully retrieved all designs
2023-12-04T09:45:53.455Z -info : /api/milestone_0.5/demochecklist/Floorplan/preChecklist API Calling.
2023-12-04T09:45:53.465Z -info : Checklist Send for Floorplan and milestone_0.5 Successfully.
2023-12-04T09:46:52.363Z -info : /api/milestone_0.5/demochecklist/Floorplan/preChecklist API Calling.
2023-12-04T09:46:52.398Z -info : Checklist Send for Floorplan and milestone_0.5 Successfully.
2023-12-04T09:47:01.678Z -info : /api/milestone_0.5/demochecklist/Floorplan/preChecklist API Calling.
2023-12-04T09:47:01.683Z -info : Checklist Send for Floorplan and milestone_0.5 Successfully.
2023-12-04T09:47:09.118Z -info : /api/milestone_0.5/demochecklist/Floorplan/preChecklist API Calling.
2023-12-04T09:47:09.131Z -info : Checklist Send for Floorplan and milestone_0.5 Successfully.
2023-12-04T09:47:47.063Z -info : /api/milestone_0.5/demochecklist/Floorplan/preChecklist API Calling.
2023-12-04T09:47:47.084Z -info : Checklist Send for Floorplan and milestone_0.5 Successfully.
2023-12-04T09:48:04.093Z -info : /api/milestone_0.5/demochecklist/Floorplan/preChecklist API Calling.
2023-12-04T09:48:04.112Z -info : Checklist Send for Floorplan and milestone_0.5 Successfully.
2023-12-04T09:49:44.264Z -info : /api/getAllDesigns API Calling
2023-12-04T09:49:44.291Z -info : /api/getAllDesigns -Successfully retrieved all designs
2023-12-04T09:49:49.110Z -info : /api/getAllDesigns API Calling
2023-12-04T09:49:49.118Z -info : /api/getAllDesigns -Successfully retrieved all designs
2023-12-04T09:50:13.008Z -info : /api/getAllDesigns API Calling
2023-12-04T09:50:13.044Z -info : /api/getAllDesigns -Successfully retrieved all designs
2023-12-04T09:50:27.859Z -info : /api/getAllDesigns API Calling
2023-12-04T09:50:27.916Z -info : /api/getAllDesigns -Successfully retrieved all designs
2023-12-04T09:50:34.001Z -info : /api/getAllDesigns API Calling
2023-12-04T09:50:34.014Z -info : /api/getAllDesigns -Successfully retrieved all designs
2023-12-04T09:50:56.187Z -info : /api/getAllDesigns API Calling
2023-12-04T09:50:56.219Z -info : /api/getAllDesigns -Successfully retrieved all designs
2023-12-04T09:50:57.914Z -info : /api/milestone_0.5/demochecklist/Synthesis/preChecklist API Calling.
2023-12-04T09:50:57.926Z -info : Checklist Send for Synthesis and milestone_0.5 Successfully.
2023-12-04T09:50:59.686Z -info : /api/milestone_0.5/demochecklist/Synthesis/preChecklist API Calling.
2023-12-04T09:50:59.692Z -info : Checklist Send for Synthesis and milestone_0.5 Successfully.
2023-12-04T09:51:59.802Z -info : /api/milestone_0.5/demochecklist/Synthesis/preChecklist API Calling.
2023-12-04T09:51:59.816Z -info : Checklist Send for Synthesis and milestone_0.5 Successfully.
2023-12-04T09:52:19.912Z -info : /api/milestone_0.5/demochecklist/Synthesis/preChecklist API Calling.
2023-12-04T09:52:19.932Z -info : Checklist Send for Synthesis and milestone_0.5 Successfully.
2023-12-04T09:52:25.567Z -info : /api/milestone_0.5/demochecklist/Synthesis/preChecklist API Calling.
2023-12-04T09:52:25.573Z -info : Checklist Send for Synthesis and milestone_0.5 Successfully.
2023-12-04T09:53:35.432Z -info : /api/getAllDesigns API Calling
2023-12-04T09:53:35.448Z -info : /api/getAllDesigns -Successfully retrieved all designs
2023-12-04T09:53:39.734Z -info : /api/milestone_0.5/demochecklist/Synthesis/preChecklist API Calling.
2023-12-04T09:53:39.745Z -info : Checklist Send for Synthesis and milestone_0.5 Successfully.
2023-12-04T09:53:41.915Z -info : /api/milestone_0.5/demochecklist/Synthesis/preChecklist API Calling.
2023-12-04T09:53:41.920Z -info : Checklist Send for Synthesis and milestone_0.5 Successfully.
2023-12-04T09:53:52.207Z -info : /api/getAllDesigns API Calling
2023-12-04T09:53:52.217Z -info : /api/getAllDesigns -Successfully retrieved all designs
2023-12-04T09:53:55.139Z -info : /api/milestone_1.0/demochecklist/Synthesis/preChecklist API Calling.
2023-12-04T09:53:55.149Z -info : Checklist Send for Synthesis and milestone_1.0 Successfully.
2023-12-04T09:53:58.572Z -info : /api/milestone_1.0/demochecklist/Synthesis/preChecklist API Calling.
2023-12-04T09:53:58.579Z -info : Checklist Send for Synthesis and milestone_1.0 Successfully.
2023-12-04T09:54:02.972Z -info : /api/milestone_1.0/demochecklist/Synthesis/preChecklist API Calling.
2023-12-04T09:54:02.977Z -info : Checklist Send for Synthesis and milestone_1.0 Successfully.
2023-12-04T09:54:10.511Z -info : /api/getAllDesigns API Calling
2023-12-04T09:54:10.521Z -info : /api/getAllDesigns -Successfully retrieved all designs
2023-12-04T09:56:58.816Z -info : /api/getAllDesigns API Calling
2023-12-04T09:56:58.853Z -info : /api/getAllDesigns -Successfully retrieved all designs
2023-12-04T09:57:01.749Z -info : /api/getAllDesigns API Calling
2023-12-04T09:57:01.756Z -info : /api/getAllDesigns -Successfully retrieved all designs
2023-12-04T09:57:18.366Z -info : /api/milestone_1.0/demochecklist/Synthesis/preChecklist API Calling.
2023-12-04T09:57:18.386Z -info : Checklist Send for Synthesis and milestone_1.0 Successfully.
2023-12-04T09:57:22.461Z -info : /api/getAllDesigns API Calling
2023-12-04T09:57:22.470Z -info : /api/getAllDesigns -Successfully retrieved all designs
2023-12-04T09:57:33.356Z -info : /api/getAllDesigns API Calling
2023-12-04T09:57:33.383Z -info : /api/getAllDesigns -Successfully retrieved all designs
2023-12-04T09:58:22.619Z -info : /api/getAllDesigns API Calling
2023-12-04T09:58:22.641Z -info : /api/getAllDesigns -Successfully retrieved all designs
2023-12-04T09:58:44.206Z -info : /api/milestone_0.8/demochecklist/Synthesis/preChecklist API Calling.
2023-12-04T09:58:44.233Z -info : Checklist Send for Synthesis and milestone_0.8 Successfully.
2023-12-04T09:58:49.082Z -info : /api/getAllDesigns API Calling
2023-12-04T09:58:49.092Z -info : /api/getAllDesigns -Successfully retrieved all designs
2023-12-04T09:58:56.071Z -info : /api/milestone_0.1/demochecklist/Synthesis/preChecklist API Calling.
2023-12-04T09:58:56.080Z -info : Checklist Send for Synthesis and milestone_0.1 Successfully.
2023-12-04T09:58:58.534Z -info : /api/getAllDesigns API Calling
2023-12-04T09:58:58.545Z -info : /api/getAllDesigns -Successfully retrieved all designs
2023-12-04T10:00:08.835Z -info : /api/getAllDesigns API Calling
2023-12-04T10:00:08.855Z -info : /api/getAllDesigns -Successfully retrieved all designs
2023-12-04T10:00:19.478Z -info : /api/getAllDesigns API Calling
2023-12-04T10:00:19.502Z -info : /api/getAllDesigns -Successfully retrieved all designs
2023-12-04T10:00:23.012Z -info : /api/milestone_1.0/demochecklist/CTS/preChecklist API Calling.
2023-12-04T10:00:23.026Z -info : Checklist Questions Send for CTS and milestone_1.0 Successfully.
2023-12-04T10:08:56.504Z -info : /api/getAllDesigns API Calling
2023-12-04T10:08:56.525Z -info : /api/getAllDesigns -Successfully retrieved all designs
2023-12-04T10:09:28.524Z -info : /api/milestone_0.8/demochecklist/Synthesis/preChecklist API Calling.
2023-12-04T10:09:28.546Z -info : Checklist Send for Synthesis and milestone_0.8 Successfully.
2023-12-04T10:09:31.748Z -info : /api/getAllDesigns API Calling
2023-12-04T10:09:31.757Z -info : /api/getAllDesigns -Successfully retrieved all designs
2023-12-04T10:09:37.030Z -info : /api/milestone_0.5/demochecklist/Route/preChecklist API Calling.
2023-12-04T10:09:37.038Z -info : Checklist Questions Send for Route and milestone_0.5 Successfully.
2023-12-04T10:09:43.767Z -info : /api/getAllDesigns API Calling
2023-12-04T10:09:43.781Z -info : /api/getAllDesigns -Successfully retrieved all designs
2023-12-04T10:09:52.557Z -info : /api/milestone_1.0/demochecklist/Route/preChecklist API Calling.
2023-12-04T10:09:52.567Z -info : Checklist Questions Send for Route and milestone_1.0 Successfully.
2023-12-04T10:11:53.910Z -info : /api/getAllDesigns API Calling
2023-12-04T10:11:53.951Z -info : /api/getAllDesigns -Successfully retrieved all designs
2023-12-04T10:13:16.109Z -info : /api/getAllDesigns API Calling
2023-12-04T10:13:16.130Z -info : /api/getAllDesigns -Successfully retrieved all designs
2023-12-04T10:13:35.684Z -info : /api/getAllDesigns API Calling
2023-12-04T10:13:35.711Z -info : /api/getAllDesigns -Successfully retrieved all designs
2023-12-04T10:13:38.061Z -info : /api/milestone_0.5/demochecklist/Synthesis/preChecklist API Calling.
2023-12-04T10:13:38.079Z -info : Checklist Send for Synthesis and milestone_0.5 Successfully.
2023-12-04T10:13:40.891Z -info : /api/getAllDesigns API Calling
2023-12-04T10:13:40.900Z -info : /api/getAllDesigns -Successfully retrieved all designs
2023-12-04T10:15:38.558Z -info : /api/getAllDesigns API Calling
2023-12-04T10:15:38.585Z -info : /api/getAllDesigns -Successfully retrieved all designs
2023-12-04T10:15:43.446Z -info : /api/getAllDesigns API Calling
2023-12-04T10:15:43.454Z -info : /api/getAllDesigns -Successfully retrieved all designs
2023-12-04T10:16:12.848Z -info : /api/getAllDesigns API Calling
2023-12-04T10:16:12.876Z -info : /api/getAllDesigns -Successfully retrieved all designs
2023-12-04T10:16:42.815Z -info : /api/getAllDesigns API Calling
2023-12-04T10:16:42.838Z -info : /api/getAllDesigns -Successfully retrieved all designs
2023-12-04T10:20:43.435Z -info : /api/getAllDesigns API Calling
2023-12-04T10:20:43.462Z -info : /api/getAllDesigns -Successfully retrieved all designs
2023-12-04T10:22:05.424Z -info : /api/getAllDesigns API Calling
2023-12-04T10:22:05.438Z -info : /api/getAllDesigns -Successfully retrieved all designs
2023-12-04T10:22:15.046Z -info : /api/milestone_0.5/demochecklist/Synthesis/preChecklist API Calling.
2023-12-04T10:22:15.054Z -info : Checklist Send for Synthesis and milestone_0.5 Successfully.
2023-12-04T10:22:31.762Z -info : /api/milestone_0.5/demochecklist/Synthesis/preChecklist API Calling.
2023-12-04T10:22:31.785Z -info : Checklist Send for Synthesis and milestone_0.5 Successfully.
2023-12-04T10:23:20.655Z -info : /api/getAllDesigns API Calling
2023-12-04T10:23:20.679Z -info : /api/getAllDesigns -Successfully retrieved all designs
2023-12-04T10:23:28.149Z -info : /api/getAllDesigns API Calling
2023-12-04T10:23:28.155Z -info : /api/getAllDesigns -Successfully retrieved all designs
2023-12-04T10:25:09.425Z -info : /api/getAllDesigns API Calling
2023-12-04T10:25:09.442Z -info : /api/getAllDesigns -Successfully retrieved all designs
2023-12-04T10:25:16.881Z -info : /api/milestone_0.5/demochecklist/Synthesis/preChecklist API Calling.
2023-12-04T10:25:16.892Z -info : Checklist Send for Synthesis and milestone_0.5 Successfully.
2023-12-04T10:25:18.923Z -info : /api/getAllDesigns API Calling
2023-12-04T10:25:18.928Z -info : /api/getAllDesigns -Successfully retrieved all designs
2023-12-04T10:25:20.858Z -info : /api/milestone_0.5/demochecklist/Route/preChecklist API Calling.
2023-12-04T10:25:20.874Z -info : Checklist Questions Send for Route and milestone_0.5 Successfully.
2023-12-04T10:25:52.055Z -info : /api/getAllDesigns API Calling
2023-12-04T10:25:52.070Z -info : /api/getAllDesigns -Successfully retrieved all designs
2023-12-04T10:25:55.340Z -info : /api/milestone_0.8/demochecklist/CTS/preChecklist API Calling.
2023-12-04T10:25:55.352Z -info : Checklist Questions Send for CTS and milestone_0.8 Successfully.
2023-12-04T10:25:58.856Z -info : /api/milestone_0.8/demochecklist/CTS/preChecklist API Calling.
2023-12-04T10:25:58.863Z -info : Checklist Questions Send for CTS and milestone_0.8 Successfully.
2023-12-04T10:26:17.041Z -info : /api/getAllDesigns API Calling
2023-12-04T10:26:17.062Z -info : /api/getAllDesigns -Successfully retrieved all designs
2023-12-04T10:28:58.184Z -info : /api/getAllDesigns API Calling
2023-12-04T10:28:58.217Z -info : /api/getAllDesigns -Successfully retrieved all designs
2023-12-04T10:29:25.014Z -info : /api/getAllDesigns API Calling
2023-12-04T10:29:25.033Z -info : /api/getAllDesigns -Successfully retrieved all designs
2023-12-04T10:30:58.624Z -info : /api/getAllDesigns API Calling
2023-12-04T10:30:58.656Z -info : /api/getAllDesigns -Successfully retrieved all designs
2023-12-04T10:31:00.867Z -info : /api/milestone_0.5/demochecklist/Synthesis/preChecklist API Calling.
2023-12-04T10:31:00.901Z -info : Checklist Send for Synthesis and milestone_0.5 Successfully.
2023-12-04T10:31:03.499Z -info : /api/milestone_0.5/demochecklist/Synthesis/preChecklist API Calling.
2023-12-04T10:31:03.506Z -info : Checklist Send for Synthesis and milestone_0.5 Successfully.
2023-12-04T10:31:07.663Z -info : /api/getAllDesigns API Calling
2023-12-04T10:31:07.672Z -info : /api/getAllDesigns -Successfully retrieved all designs
2023-12-04T10:42:08.751Z -info : /api/getAllDesigns API Calling
2023-12-04T10:42:08.771Z -info : /api/getAllDesigns -Successfully retrieved all designs
2023-12-04T12:08:16.239Z -info : /api/getAllDesigns API Calling
2023-12-04T12:08:16.283Z -info : /api/getAllDesigns -Successfully retrieved all designs
2023-12-04T12:08:18.734Z -info : /api/milestone_0.5/demochecklist/Synthesis/preChecklist API Calling.
2023-12-04T12:08:18.760Z -info : Checklist Send for Synthesis and milestone_0.5 Successfully.
2023-12-04T12:09:34.445Z -info : /api/getAllDesigns API Calling
2023-12-04T12:09:34.534Z -info : /api/getAllDesigns -Successfully retrieved all designs
2023-12-04T12:09:36.661Z -info : /api/milestone_0.5/demochecklist/Synthesis/preChecklist API Calling.
2023-12-04T12:09:36.678Z -info : Checklist Send for Synthesis and milestone_0.5 Successfully.
2023-12-04T12:09:56.262Z -info : /api/getAllDesigns API Calling
2023-12-04T12:09:56.290Z -info : /api/getAllDesigns -Successfully retrieved all designs
2023-12-04T12:09:57.999Z -info : /api/milestone_0.5/demochecklist/Synthesis/preChecklist API Calling.
2023-12-04T12:09:58.008Z -info : Checklist Send for Synthesis and milestone_0.5 Successfully.
2023-12-04T12:12:06.430Z -info : /api/milestone_0.5/demochecklist/Synthesis/preChecklist API Calling.
2023-12-04T12:12:06.593Z -info : Checklist Send for Synthesis and milestone_0.5 Successfully.
2023-12-04T12:15:16.608Z -info : /api/getAllDesigns API Calling
2023-12-04T12:15:16.656Z -info : /api/getAllDesigns -Successfully retrieved all designs
2023-12-04T12:16:52.978Z -info : /api/getAllDesigns API Calling
2023-12-04T12:16:53.004Z -info : /api/getAllDesigns -Successfully retrieved all designs
2023-12-04T12:17:02.166Z -info : /api/getAllDesigns API Calling
2023-12-04T12:17:02.176Z -info : /api/getAllDesigns -Successfully retrieved all designs
2023-12-04T12:17:13.811Z -info : /api/getAllDesigns API Calling
2023-12-04T12:17:13.846Z -info : /api/getAllDesigns -Successfully retrieved all designs
2023-12-04T12:17:21.771Z -info : /api/getAllDesigns API Calling
2023-12-04T12:17:21.785Z -info : /api/getAllDesigns -Successfully retrieved all designs
2023-12-04T12:17:26.069Z -info : /api/milestone_0.5/demochecklist/Placement/preChecklist API Calling.
2023-12-04T12:17:26.084Z -info : Checklist Send for Placement and milestone_0.5 Successfully.
2023-12-04T12:17:28.711Z -info : /api/getAllDesigns API Calling
2023-12-04T12:17:28.717Z -info : /api/getAllDesigns -Successfully retrieved all designs
2023-12-04T12:19:02.437Z -info : /api/getAllDesigns API Calling
2023-12-04T12:19:02.474Z -info : /api/getAllDesigns -Successfully retrieved all designs
2023-12-04T12:19:18.767Z -info : /api/getAllDesigns API Calling
2023-12-04T12:19:18.783Z -info : /api/getAllDesigns -Successfully retrieved all designs
2023-12-04T12:19:53.023Z -info : /api/getAllDesigns API Calling
2023-12-04T12:19:53.044Z -info : /api/getAllDesigns -Successfully retrieved all designs
2023-12-04T12:19:56.086Z -info : /api/getAllDesigns API Calling
2023-12-04T12:19:56.097Z -info : /api/getAllDesigns -Successfully retrieved all designs
2023-12-04T12:21:12.644Z -info : /api/getAllDesigns API Calling
2023-12-04T12:21:12.663Z -info : /api/getAllDesigns -Successfully retrieved all designs
2023-12-04T12:22:32.969Z -info : /api/getAllDesigns API Calling
2023-12-04T12:22:32.986Z -info : /api/getAllDesigns -Successfully retrieved all designs
2023-12-04T12:22:47.446Z -info : /api/getAllDesigns API Calling
2023-12-04T12:22:47.466Z -info : /api/getAllDesigns -Successfully retrieved all designs
2023-12-04T12:23:04.175Z -info : /api/getAllDesigns API Calling
2023-12-04T12:23:04.202Z -info : /api/getAllDesigns -Successfully retrieved all designs
2023-12-04T12:23:15.721Z -info : /api/getAllDesigns API Calling
2023-12-04T12:23:15.741Z -info : /api/getAllDesigns -Successfully retrieved all designs
2023-12-04T12:26:13.160Z -info : /api/getAllDesigns API Calling
2023-12-04T12:26:13.179Z -info : /api/getAllDesigns -Successfully retrieved all designs
2023-12-04T12:26:17.893Z -info : /api/getAllDesigns API Calling
2023-12-04T12:26:17.898Z -info : /api/getAllDesigns -Successfully retrieved all designs
2023-12-04T12:31:53.007Z -info : /api/getAllDesigns API Calling
2023-12-04T12:31:53.021Z -info : /api/getAllDesigns -Successfully retrieved all designs
2023-12-04T12:31:55.876Z -info : /api/getAllDesigns API Calling
2023-12-04T12:31:55.883Z -info : /api/getAllDesigns -Successfully retrieved all designs
2023-12-04T12:32:02.186Z -info : /api/getAllDesigns API Calling
2023-12-04T12:32:02.192Z -info : /api/getAllDesigns -Successfully retrieved all designs
2023-12-04T12:32:04.675Z -info : /api/getAllDesigns API Calling
2023-12-04T12:32:04.684Z -info : /api/getAllDesigns -Successfully retrieved all designs
2023-12-04T12:33:57.485Z -info : /api/getAllDesigns API Calling
2023-12-04T12:33:57.494Z -info : /api/getAllDesigns -Successfully retrieved all designs
2023-12-04T12:34:07.856Z -info : /api/getAllDesigns API Calling
2023-12-04T12:34:07.883Z -info : /api/getAllDesigns -Successfully retrieved all designs
2023-12-04T12:34:20.553Z -info : /api/getAllDesigns API Calling
2023-12-04T12:34:20.561Z -info : /api/getAllDesigns -Successfully retrieved all designs
2023-12-04T12:34:28.733Z -info : /api/milestone_0.5/demochecklist/Synthesis/preChecklist API Calling.
2023-12-04T12:34:28.746Z -info : Checklist Send for Synthesis and milestone_0.5 Successfully.
2023-12-04T12:34:31.759Z -info : /api/milestone_0.5/demochecklist/Synthesis/preChecklist API Calling.
2023-12-04T12:34:31.764Z -info : Checklist Send for Synthesis and milestone_0.5 Successfully.
2023-12-04T12:34:34.021Z -info : /api/milestone_0.5/demochecklist/Synthesis/preChecklist API Calling.
2023-12-04T12:34:34.026Z -info : Checklist Send for Synthesis and milestone_0.5 Successfully.
2023-12-04T12:34:35.883Z -info : /api/getAllDesigns API Calling
2023-12-04T12:34:35.888Z -info : /api/getAllDesigns -Successfully retrieved all designs
2023-12-04T13:21:12.133Z -info : Connection to the MySQL database has been established successfully.
2023-12-04T13:24:03.063Z -info : /api/getAllDesigns API Calling
2023-12-04T13:24:03.121Z -info : /api/getAllDesigns -Successfully retrieved all designs
2023-12-04T13:24:07.470Z -info : /api/getAllDesigns API Calling
2023-12-04T13:24:07.486Z -info : /api/getAllDesigns -Successfully retrieved all designs
2023-12-04T13:25:04.379Z -info : /api/getAllDesigns API Calling
2023-12-04T13:25:04.408Z -info : /api/getAllDesigns -Successfully retrieved all designs
2023-12-05T04:12:17.148Z -info : Connection to the MySQL database has been established successfully.
2023-12-05T05:14:04.537Z -info : /api/getAllDesigns API Calling
2023-12-05T05:14:04.695Z -info : /api/getAllDesigns -Successfully retrieved all designs
2023-12-05T05:14:07.867Z -info : /api/getAllDesigns API Calling
2023-12-05T05:14:07.887Z -info : /api/getAllDesigns -Successfully retrieved all designs
2023-12-05T05:15:23.617Z -info : /api/milestone_0.1/demochecklist/Synthesis/preChecklist API Calling.
2023-12-05T05:15:23.675Z -info : Checklist Send for Synthesis and milestone_0.1 Successfully.
2023-12-05T05:41:26.896Z -info : Connection to the MySQL database has been established successfully.
2023-12-05T05:47:49.571Z -info : /api/getAllDesigns API Calling
2023-12-05T05:47:49.662Z -info : /api/getAllDesigns -Successfully retrieved all designs
2023-12-05T05:47:58.769Z -info : /api/milestone_0.5/demochecklistthere/Floorplan/preChecklist API Calling.
2023-12-05T05:47:58.812Z -info : Checklist Questions Send for Floorplan and milestone_0.5 Successfully.
2023-12-05T05:55:54.514Z -info : /api/getAllDesigns API Calling
2023-12-05T05:55:54.560Z -info : /api/getAllDesigns -Successfully retrieved all designs
2023-12-05T05:55:57.904Z -info : /api/getAllDesigns API Calling
2023-12-05T05:55:57.914Z -info : /api/getAllDesigns -Successfully retrieved all designs
2023-12-05T05:57:21.789Z -info : /api/getAllDesigns API Calling
2023-12-05T05:57:21.819Z -info : /api/getAllDesigns -Successfully retrieved all designs
2023-12-05T05:57:32.840Z -info : /api/getAllDesigns API Calling
2023-12-05T05:57:32.890Z -info : /api/getAllDesigns -Successfully retrieved all designs
2023-12-05T05:57:46.526Z -info : /api/getAllDesigns API Calling
2023-12-05T05:57:46.550Z -info : /api/getAllDesigns -Successfully retrieved all designs
2023-12-05T05:58:08.715Z -info : /api/getAllDesigns API Calling
2023-12-05T05:58:08.733Z -info : /api/getAllDesigns -Successfully retrieved all designs
2023-12-05T06:18:05.034Z -info : Connection to the MySQL database has been established successfully.
2023-12-05T06:18:30.846Z -info : /api/milestone_0.1/SampleProjectOne/Synthesis/preChecklist API Calling.
2023-12-05T06:18:30.901Z -info : Checklist Questions Send for Synthesis and milestone_0.1 Successfully.
2023-12-05T06:19:19.732Z -info : /api/getAllDesigns API Calling
2023-12-05T06:19:19.760Z -info : /api/getAllDesigns -Successfully retrieved all designs
2023-12-05T06:19:35.473Z -info : /api/getAllDesigns API Calling
2023-12-05T06:19:35.490Z -info : /api/getAllDesigns -Successfully retrieved all designs
2023-12-05T06:19:50.717Z -info : /api/getAllDesigns API Calling
2023-12-05T06:19:50.731Z -info : /api/getAllDesigns -Successfully retrieved all designs
2023-12-05T06:21:02.626Z -info : Connection to the MySQL database has been established successfully.
2023-12-05T06:21:03.141Z -info : /api/getAllDesigns API Calling
2023-12-05T06:21:03.173Z -info : /api/getAllDesigns -Successfully retrieved all designs
2023-12-05T06:22:46.569Z -info : Connection to the MySQL database has been established successfully.
2023-12-05T06:23:07.141Z -info : /api/getAllDesigns API Calling
2023-12-05T06:23:07.189Z -info : /api/getAllDesigns -Successfully retrieved all designs
2023-12-05T06:23:13.957Z -info : /api/getAllDesigns API Calling
2023-12-05T06:23:13.972Z -info : /api/getAllDesigns -Successfully retrieved all designs
2023-12-05T06:23:15.090Z -info : /api/getAllDesigns API Calling
2023-12-05T06:23:15.098Z -info : /api/getAllDesigns -Successfully retrieved all designs
2023-12-05T06:23:17.159Z -info : /api/getAllDesigns API Calling
2023-12-05T06:23:17.167Z -info : /api/getAllDesigns -Successfully retrieved all designs
2023-12-05T06:23:24.244Z -info : /api/milestone_0.8/demochecklist/Synthesis/preChecklist API Calling.
2023-12-05T06:23:24.269Z -info : Checklist Send for Synthesis and milestone_0.8 Successfully.
2023-12-05T06:23:30.653Z -info : /api/getAllDesigns API Calling
2023-12-05T06:23:30.669Z -info : /api/getAllDesigns -Successfully retrieved all designs
2023-12-05T06:23:35.864Z -info : /api/milestone_0.8/demochecklist/Placement/preChecklist API Calling.
2023-12-05T06:23:35.894Z -info : Checklist Questions Send for Placement and milestone_0.8 Successfully.
2023-12-05T06:23:37.973Z -info : /api/getAllDesigns API Calling
2023-12-05T06:23:37.985Z -info : /api/getAllDesigns -Successfully retrieved all designs
2023-12-05T06:23:40.052Z -info : /api/milestone_1.0/demochecklist/Floorplan/preChecklist API Calling.
2023-12-05T06:23:40.070Z -info : Checklist Questions Send for Floorplan and milestone_1.0 Successfully.
2023-12-05T06:23:42.865Z -info : /api/getAllDesigns API Calling
2023-12-05T06:23:42.877Z -info : /api/getAllDesigns -Successfully retrieved all designs
2023-12-05T06:23:44.580Z -info : /api/milestone_1.0/demochecklist/CTS/preChecklist API Calling.
2023-12-05T06:23:44.601Z -info : Checklist Questions Send for CTS and milestone_1.0 Successfully.
2023-12-05T06:23:47.405Z -info : /api/getAllDesigns API Calling
2023-12-05T06:23:47.419Z -info : /api/getAllDesigns -Successfully retrieved all designs
2023-12-05T06:23:49.741Z -info : /api/milestone_1.0/demochecklist/Route/preChecklist API Calling.
2023-12-05T06:23:49.757Z -info : Checklist Questions Send for Route and milestone_1.0 Successfully.
2023-12-05T06:23:55.111Z -info : /api/getAllDesigns API Calling
2023-12-05T06:23:55.125Z -info : /api/getAllDesigns -Successfully retrieved all designs
2023-12-05T06:23:58.786Z -info : /api/milestone_0.1/demochecklist/Synthesis/preChecklist API Calling.
2023-12-05T06:23:58.798Z -info : Checklist Send for Synthesis and milestone_0.1 Successfully.
2023-12-05T06:24:01.048Z -info : /api/getAllDesigns API Calling
2023-12-05T06:24:01.061Z -info : /api/getAllDesigns -Successfully retrieved all designs
2023-12-05T06:24:03.005Z -info : /api/milestone_0.8/demochecklist/Synthesis/preChecklist API Calling.
2023-12-05T06:24:03.018Z -info : Checklist Send for Synthesis and milestone_0.8 Successfully.
2023-12-05T06:24:05.966Z -info : /api/getAllDesigns API Calling
2023-12-05T06:24:05.980Z -info : /api/getAllDesigns -Successfully retrieved all designs
2023-12-05T06:24:08.241Z -info : /api/milestone_0.8/demochecklist/CTS/preChecklist API Calling.
2023-12-05T06:24:08.257Z -info : Checklist Questions Send for CTS and milestone_0.8 Successfully.
2023-12-05T06:24:10.552Z -info : /api/getAllDesigns API Calling
2023-12-05T06:24:10.563Z -info : /api/getAllDesigns -Successfully retrieved all designs
2023-12-05T06:24:12.627Z -info : /api/milestone_0.5/demochecklist/CTS/preChecklist API Calling.
2023-12-05T06:24:12.642Z -info : Checklist Questions Send for CTS and milestone_0.5 Successfully.
2023-12-05T06:24:14.702Z -info : /api/getAllDesigns API Calling
2023-12-05T06:24:14.713Z -info : /api/getAllDesigns -Successfully retrieved all designs
2023-12-05T06:24:17.326Z -info : /api/milestone_1.0/demochecklist/CTS/preChecklist API Calling.
2023-12-05T06:24:17.339Z -info : Checklist Questions Send for CTS and milestone_1.0 Successfully.
2023-12-05T06:24:20.104Z -info : /api/getAllDesigns API Calling
2023-12-05T06:24:20.121Z -info : /api/getAllDesigns -Successfully retrieved all designs
2023-12-05T06:24:23.395Z -info : /api/milestone_0.8/demochecklist/Placement/preChecklist API Calling.
2023-12-05T06:24:23.413Z -info : Checklist Questions Send for Placement and milestone_0.8 Successfully.
2023-12-05T06:24:25.452Z -info : /api/getAllDesigns API Calling
2023-12-05T06:24:25.464Z -info : /api/getAllDesigns -Successfully retrieved all designs
2023-12-05T06:24:27.328Z -info : /api/milestone_0.8/demochecklist/CTS/preChecklist API Calling.
2023-12-05T06:24:27.346Z -info : Checklist Questions Send for CTS and milestone_0.8 Successfully.
2023-12-05T06:24:28.823Z -info : /api/getAllDesigns API Calling
2023-12-05T06:24:28.836Z -info : /api/getAllDesigns -Successfully retrieved all designs
2023-12-05T06:24:30.559Z -info : /api/milestone_0.8/demochecklist/Placement/preChecklist API Calling.
2023-12-05T06:24:30.577Z -info : Checklist Questions Send for Placement and milestone_0.8 Successfully.
2023-12-05T06:24:33.536Z -info : /api/getAllDesigns API Calling
2023-12-05T06:24:33.547Z -info : /api/getAllDesigns -Successfully retrieved all designs
2023-12-05T06:24:35.897Z -info : /api/milestone_0.5/demochecklist/CTS/preChecklist API Calling.
2023-12-05T06:24:35.917Z -info : Checklist Questions Send for CTS and milestone_0.5 Successfully.
2023-12-05T06:24:46.567Z -info : /api/getAllDesigns API Calling
2023-12-05T06:24:46.614Z -info : /api/getAllDesigns -Successfully retrieved all designs
2023-12-05T06:24:48.666Z -info : /api/milestone_0.8/demochecklist/CTS/preChecklist API Calling.
2023-12-05T06:24:48.685Z -info : Checklist Questions Send for CTS and milestone_0.8 Successfully.
2023-12-05T06:24:50.871Z -info : /api/getAllDesigns API Calling
2023-12-05T06:24:50.882Z -info : /api/getAllDesigns -Successfully retrieved all designs
2023-12-05T06:24:52.793Z -info : /api/milestone_0.8/demochecklist/Route/preChecklist API Calling.
2023-12-05T06:24:52.809Z -info : Checklist Questions Send for Route and milestone_0.8 Successfully.
2023-12-05T06:26:15.389Z -info : /api/milestone_0.8/demochecklist/Route/preChecklist API Calling.
2023-12-05T06:26:15.411Z -info : Checklist Questions Send for Route and milestone_0.8 Successfully.
2023-12-05T06:27:22.738Z -info : /api/getAllDesigns API Calling
2023-12-05T06:27:22.747Z -info : /api/getAllDesigns -Successfully retrieved all designs
2023-12-05T06:27:29.192Z -info : /api/milestone_0.5/demochecklist/Placement/preChecklist API Calling.
2023-12-05T06:27:29.201Z -info : Checklist Send for Placement and milestone_0.5 Successfully.
2023-12-05T06:27:31.013Z -info : /api/getAllDesigns API Calling
2023-12-05T06:27:31.020Z -info : /api/getAllDesigns -Successfully retrieved all designs
2023-12-05T06:27:33.498Z -info : /api/milestone_0.8/demochecklist/Placement/preChecklist API Calling.
2023-12-05T06:27:33.510Z -info : Checklist Questions Send for Placement and milestone_0.8 Successfully.
2023-12-05T06:28:17.769Z -info : /api/getAllDesigns API Calling
2023-12-05T06:28:17.787Z -info : /api/getAllDesigns -Successfully retrieved all designs
2023-12-05T06:28:21.266Z -info : /api/milestone_0.8/demochecklist/Route/preChecklist API Calling.
2023-12-05T06:28:21.282Z -info : Checklist Questions Send for Route and milestone_0.8 Successfully.
2023-12-05T06:28:23.293Z -info : /api/milestone_0.8/demochecklist/Route/preChecklist API Calling.
2023-12-05T06:28:23.302Z -info : Checklist Questions Send for Route and milestone_0.8 Successfully.
2023-12-05T06:28:38.804Z -info : /api/milestone_0.8/demochecklist/Route/preChecklist API Calling.
2023-12-05T06:28:38.839Z -info : Checklist Questions Send for Route and milestone_0.8 Successfully.
2023-12-05T06:36:59.051Z -info : /api/milestone_0.8/demochecklist/Route/preChecklist API calling
2023-12-05T06:36:59.185Z -info : Checklist data saved for demochecklist ,Route and milestone_0.8 successfully.
2023-12-05T06:36:59.223Z -info : Updated Summary Percentage for milestone_08_percentage and percentage is 19 %
2023-12-05T06:36:59.249Z -info : /api/milestone_0.8/demochecklist/Route/preChecklist API Calling.
2023-12-05T06:36:59.272Z -info : Checklist Send for Route and milestone_0.8 Successfully.
2023-12-05T06:38:57.405Z -info : /api/getAllDesigns API Calling
2023-12-05T06:38:57.424Z -info : /api/getAllDesigns -Successfully retrieved all designs
2023-12-05T06:39:43.926Z -info : /api/milestone_0.8/demochecklist/Route/preChecklist API Calling.
2023-12-05T06:39:43.962Z -info : Checklist Send for Route and milestone_0.8 Successfully.
2023-12-05T06:43:02.444Z -info : /api/milestone_0.8/demochecklist/Route/preChecklist API Calling.
2023-12-05T06:43:02.477Z -info : Checklist Send for Route and milestone_0.8 Successfully.
2023-12-05T06:50:00.406Z -info : /api/milestone_0.8/demochecklist/Route/preChecklist API calling
2023-12-05T06:50:00.469Z -info : Checklist data saved for demochecklist ,Route and milestone_0.8 successfully.
2023-12-05T06:50:00.501Z -info : Updated Summary Percentage for milestone_08_percentage and percentage is 50 %
2023-12-05T06:50:00.529Z -info : /api/milestone_0.8/demochecklist/Route/preChecklist API Calling.
2023-12-05T06:50:00.543Z -info : Checklist Send for Route and milestone_0.8 Successfully.
2023-12-05T06:51:28.648Z -info : /api/getAllDesigns API Calling
2023-12-05T06:51:28.682Z -info : /api/getAllDesigns -Successfully retrieved all designs
2023-12-05T06:51:32.071Z -info : /api/milestone_0.5/demochecklist/Synthesis/preChecklist API Calling.
2023-12-05T06:51:32.081Z -info : Checklist Send for Synthesis and milestone_0.5 Successfully.
2023-12-05T06:51:34.040Z -info : /api/getAllDesigns API Calling
2023-12-05T06:51:34.052Z -info : /api/getAllDesigns -Successfully retrieved all designs
2023-12-05T06:51:36.804Z -info : /api/milestone_0.8/demochecklist/Route/preChecklist API Calling.
2023-12-05T06:51:36.812Z -info : Checklist Send for Route and milestone_0.8 Successfully.
2023-12-05T06:53:28.751Z -info : /api/getAllDesigns API Calling
2023-12-05T06:53:28.787Z -info : /api/getAllDesigns -Successfully retrieved all designs
2023-12-05T06:56:27.664Z -info : /api/getAllDesigns API Calling
2023-12-05T06:56:27.701Z -info : /api/getAllDesigns -Successfully retrieved all designs
2023-12-05T06:57:14.645Z -info : /api/getAllDesigns API Calling
2023-12-05T06:57:14.684Z -info : /api/getAllDesigns -Successfully retrieved all designs
2023-12-05T06:59:41.912Z -info : /api/getAllDesigns API Calling
2023-12-05T06:59:41.937Z -info : /api/getAllDesigns -Successfully retrieved all designs
2023-12-05T07:07:28.225Z -info : /api/milestone_0.5/demochecklist/Floorplan/preChecklist API Calling.
2023-12-05T07:07:28.270Z -info : Checklist Send for Floorplan and milestone_0.5 Successfully.
2023-12-05T07:07:34.017Z -info : /api/milestone_0.5/demochcklist/Floorplan/preChecklist API Calling.
2023-12-05T07:07:34.042Z -info : Checklist Questions Send for Floorplan and milestone_0.5 Successfully.
2023-12-05T07:07:37.932Z -info : /api/milestone_0.5/demochcklist/Florplan/preChecklist API Calling.
2023-12-05T07:07:37.945Z -info : Checklist Questions not found
2023-12-05T07:07:45.142Z -info : /api/getAllDesigns API Calling
2023-12-05T07:07:45.154Z -info : /api/getAllDesigns -Successfully retrieved all designs
2023-12-05T07:07:49.959Z -info : /api/milestone_0.5/demochecklist/Placement/preChecklist API Calling.
2023-12-05T07:07:49.969Z -info : Checklist Send for Placement and milestone_0.5 Successfully.
2023-12-05T07:08:08.831Z -info : /api/milestone_0.5/demochecklist/Placement/preChecklist API Calling.
2023-12-05T07:08:08.866Z -info : Checklist Send for Placement and milestone_0.5 Successfully.
2023-12-05T07:09:15.822Z -info : /api/milestone_0.5/demochecklist/Placement/preChecklist API Calling.
2023-12-05T07:09:15.878Z -info : Checklist Send for Placement and milestone_0.5 Successfully.
2023-12-05T07:09:24.762Z -info : /api/getAllDesigns API Calling
2023-12-05T07:09:24.776Z -info : /api/getAllDesigns -Successfully retrieved all designs
2023-12-05T07:17:47.498Z -info : /api/getAllDesigns API Calling
2023-12-05T07:17:47.513Z -info : /api/getAllDesigns -Successfully retrieved all designs
2023-12-05T07:33:56.361Z -info : /api/getAllDesigns API Calling
2023-12-05T07:33:56.456Z -info : /api/getAllDesigns -Successfully retrieved all designs
2023-12-05T07:36:15.091Z -info : /api/getAllDesigns API Calling
2023-12-05T07:36:15.112Z -info : /api/getAllDesigns -Successfully retrieved all designs
2023-12-05T07:38:14.387Z -info : /api/getAllDesigns API Calling
2023-12-05T07:38:14.452Z -info : /api/getAllDesigns -Successfully retrieved all designs
2023-12-05T07:38:19.689Z -info : /api/milestone_0.5/demochecklist/Floorplan/preChecklist API Calling.
2023-12-05T07:38:19.718Z -info : Checklist Send for Floorplan and milestone_0.5 Successfully.
2023-12-05T07:38:26.501Z -info : /api/getAllDesigns API Calling
2023-12-05T07:38:26.509Z -info : /api/getAllDesigns -Successfully retrieved all designs
2023-12-05T07:39:14.163Z -info : /api/getAllDesigns API Calling
2023-12-05T07:39:14.178Z -info : /api/getAllDesigns -Successfully retrieved all designs
2023-12-05T07:39:26.710Z -info : /api/milestone_0.5/demochecklist/Synthesis/preChecklist API Calling.
2023-12-05T07:39:26.729Z -info : Checklist Send for Synthesis and milestone_0.5 Successfully.
2023-12-05T07:39:29.330Z -info : /api/getAllDesigns API Calling
2023-12-05T07:39:29.337Z -info : /api/getAllDesigns -Successfully retrieved all designs
2023-12-05T07:39:55.339Z -info : /api/getAllDesigns API Calling
2023-12-05T07:39:55.359Z -info : /api/getAllDesigns -Successfully retrieved all designs
2023-12-05T07:40:21.636Z -info : /api/getAllDesigns API Calling
2023-12-05T07:40:21.648Z -info : /api/getAllDesigns -Successfully retrieved all designs
2023-12-05T07:41:20.586Z -info : /api/getAllDesigns API Calling
2023-12-05T07:41:20.602Z -info : /api/getAllDesigns -Successfully retrieved all designs
2023-12-05T07:44:38.892Z -info : /api/milestone_0.5/demochecklist/Synthesis/preChecklist API Calling.
2023-12-05T07:44:38.914Z -info : Checklist Send for Synthesis and milestone_0.5 Successfully.
2023-12-05T07:44:43.260Z -info : /api/getAllDesigns API Calling
2023-12-05T07:44:43.276Z -info : /api/getAllDesigns -Successfully retrieved all designs
2023-12-05T07:44:54.270Z -info : /api/getAllDesigns API Calling
2023-12-05T07:44:54.273Z -info : /api/getAllDesigns -Successfully retrieved all designs
2023-12-05T07:44:56.719Z -info : /api/milestone_0.5/demochecklist/Floorplan/preChecklist API Calling.
2023-12-05T07:44:56.725Z -info : Checklist Send for Floorplan and milestone_0.5 Successfully.
2023-12-05T07:44:59.392Z -info : /api/milestone_0.5/demochecklist/Floorplan/preChecklist API Calling.
2023-12-05T07:44:59.396Z -info : Checklist Send for Floorplan and milestone_0.5 Successfully.
2023-12-05T07:45:15.504Z -info : /api/milestone_0.5/demochecklist/Floorplan/preChecklist API calling
2023-12-05T07:45:15.544Z -info : Checklist data saved for demochecklist ,Floorplan and milestone_0.5 successfully.
2023-12-05T07:45:15.568Z -info : Updated Summary Percentage for milestone_05_percentage and percentage is 39 %
2023-12-05T07:45:15.570Z -info : /api/milestone_0.5/demochecklist/Floorplan/preChecklist API Calling.
2023-12-05T07:45:15.578Z -info : Checklist Send for Floorplan and milestone_0.5 Successfully.
2023-12-05T07:45:22.828Z -info : /api/getAllDesigns API Calling
2023-12-05T07:45:22.840Z -info : /api/getAllDesigns -Successfully retrieved all designs
2023-12-05T07:47:56.149Z -info : /api/milestone_0.5/demochecklist/Floorplan/preChecklist API Calling.
2023-12-05T07:47:56.163Z -info : Checklist Send for Floorplan and milestone_0.5 Successfully.
2023-12-05T07:47:57.934Z -info : /api/getAllDesigns API Calling
2023-12-05T07:47:57.943Z -info : /api/getAllDesigns -Successfully retrieved all designs
2023-12-05T07:48:00.086Z -info : /api/milestone_0.5/demochecklist/CTS/preChecklist API Calling.
2023-12-05T07:48:00.096Z -info : Checklist Questions Send for CTS and milestone_0.5 Successfully.
2023-12-05T07:48:03.565Z -info : /api/getAllDesigns API Calling
2023-12-05T07:48:03.570Z -info : /api/getAllDesigns -Successfully retrieved all designs
2023-12-05T07:48:05.826Z -info : /api/milestone_0.8/demochecklist/CTS/preChecklist API Calling.
2023-12-05T07:48:05.836Z -info : Checklist Questions Send for CTS and milestone_0.8 Successfully.
2023-12-05T07:48:07.901Z -info : /api/milestone_0.8/demochecklist/CTS/preChecklist API Calling.
2023-12-05T07:48:07.911Z -info : Checklist Questions Send for CTS and milestone_0.8 Successfully.
2023-12-05T07:48:11.248Z -info : /api/getAllDesigns API Calling
2023-12-05T07:48:11.254Z -info : /api/getAllDesigns -Successfully retrieved all designs
2023-12-05T07:48:13.411Z -info : /api/milestone_0.5/demochecklist/CTS/preChecklist API Calling.
2023-12-05T07:48:13.419Z -info : Checklist Questions Send for CTS and milestone_0.5 Successfully.
2023-12-05T07:50:11.027Z -info : /api/getAllDesigns API Calling
2023-12-05T07:50:11.051Z -info : /api/getAllDesigns -Successfully retrieved all designs
2023-12-05T08:24:47.438Z -info : /api/getAllDesigns API Calling
2023-12-05T08:24:47.456Z -info : /api/getAllDesigns -Successfully retrieved all designs
2023-12-05T10:12:03.878Z -info : /api/getAllDesigns API Calling
2023-12-05T10:12:03.894Z -info : /api/getAllDesigns -Successfully retrieved all designs
2023-12-05T10:12:07.108Z -info : /api/getAllDesigns API Calling
2023-12-05T10:12:07.115Z -info : /api/getAllDesigns -Successfully retrieved all designs
2023-12-05T10:13:09.014Z -info : /api/getAllDesigns API Calling
2023-12-05T10:13:09.046Z -info : /api/getAllDesigns -Successfully retrieved all designs
2023-12-05T10:13:11.750Z -info : /api/milestone_0.5/demochecklist/Floorplan/preChecklist API Calling.
2023-12-05T10:13:11.758Z -info : Checklist Send for Floorplan and milestone_0.5 Successfully.
2023-12-05T10:13:14.843Z -info : /api/getAllDesigns API Calling
2023-12-05T10:13:14.860Z -info : /api/getAllDesigns -Successfully retrieved all designs
2023-12-05T10:13:21.594Z -info : /api/milestone_0.5/demochecklist/Route/preChecklist API Calling.
2023-12-05T10:13:21.608Z -info : Checklist Questions Send for Route and milestone_0.5 Successfully.
2023-12-05T10:13:25.495Z -info : /api/getAllDesigns API Calling
2023-12-05T10:13:25.502Z -info : /api/getAllDesigns -Successfully retrieved all designs
2023-12-05T10:16:33.008Z -info : /api/getAllDesigns API Calling
2023-12-05T10:16:33.031Z -info : /api/getAllDesigns -Successfully retrieved all designs
2023-12-05T10:17:14.091Z -info : /api/getAllDesigns API Calling
2023-12-05T10:17:14.107Z -info : /api/getAllDesigns -Successfully retrieved all designs
2023-12-05T10:17:30.102Z -info : /api/getAllDesigns API Calling
2023-12-05T10:17:30.124Z -info : /api/getAllDesigns -Successfully retrieved all designs
2023-12-05T10:17:55.089Z -info : /api/getAllDesigns API Calling
2023-12-05T10:17:55.106Z -info : /api/getAllDesigns -Successfully retrieved all designs
2023-12-05T10:18:02.085Z -info : /api/getAllDesigns API Calling
2023-12-05T10:18:02.088Z -info : /api/getAllDesigns -Successfully retrieved all designs
2023-12-05T10:18:04.081Z -info : /api/getAllDesigns API Calling
2023-12-05T10:18:04.084Z -info : /api/getAllDesigns -Successfully retrieved all designs
2023-12-05T10:18:31.086Z -info : /api/getAllDesigns API Calling
2023-12-05T10:18:31.121Z -info : /api/getAllDesigns -Successfully retrieved all designs
2023-12-05T10:19:14.029Z -info : /api/getAllDesigns API Calling
2023-12-05T10:19:14.047Z -info : /api/getAllDesigns -Successfully retrieved all designs
2023-12-05T10:19:18.503Z -info : /api/getAllDesigns API Calling
2023-12-05T10:19:18.507Z -info : /api/getAllDesigns -Successfully retrieved all designs
2023-12-05T10:19:24.079Z -info : /api/getAllDesigns API Calling
2023-12-05T10:19:24.085Z -info : /api/getAllDesigns -Successfully retrieved all designs
2023-12-05T10:19:28.452Z -info : /api/getAllDesigns API Calling
2023-12-05T10:19:28.466Z -info : /api/getAllDesigns -Successfully retrieved all designs
2023-12-05T10:19:38.087Z -info : /api/getAllDesigns API Calling
2023-12-05T10:19:38.095Z -info : /api/getAllDesigns -Successfully retrieved all designs
2023-12-05T10:19:42.077Z -info : /api/getAllDesigns API Calling
2023-12-05T10:19:42.080Z -info : /api/getAllDesigns -Successfully retrieved all designs
2023-12-05T10:21:03.083Z -info : /api/getAllDesigns API Calling
2023-12-05T10:21:03.099Z -info : /api/getAllDesigns -Successfully retrieved all designs
2023-12-05T10:21:07.086Z -info : /api/getAllDesigns API Calling
2023-12-05T10:21:07.090Z -info : /api/getAllDesigns -Successfully retrieved all designs
2023-12-05T10:21:09.086Z -info : /api/getAllDesigns API Calling
2023-12-05T10:21:09.091Z -info : /api/getAllDesigns -Successfully retrieved all designs
2023-12-05T10:21:40.079Z -info : /api/getAllDesigns API Calling
2023-12-05T10:21:40.099Z -info : /api/getAllDesigns -Successfully retrieved all designs
2023-12-05T10:23:01.088Z -info : /api/getAllDesigns API Calling
2023-12-05T10:23:01.116Z -info : /api/getAllDesigns -Successfully retrieved all designs
2023-12-05T10:23:44.075Z -info : /api/getAllDesigns API Calling
2023-12-05T10:23:44.092Z -info : /api/getAllDesigns -Successfully retrieved all designs
2023-12-05T10:23:49.076Z -info : /api/getAllDesigns API Calling
2023-12-05T10:23:49.083Z -info : /api/getAllDesigns -Successfully retrieved all designs
2023-12-05T10:23:51.079Z -info : /api/getAllDesigns API Calling
2023-12-05T10:23:51.093Z -info : /api/getAllDesigns -Successfully retrieved all designs
2023-12-05T10:23:56.087Z -info : /api/getAllDesigns API Calling
2023-12-05T10:23:56.091Z -info : /api/getAllDesigns -Successfully retrieved all designs
2023-12-05T10:24:12.087Z -info : /api/getAllDesigns API Calling
2023-12-05T10:24:12.112Z -info : /api/getAllDesigns -Successfully retrieved all designs
2023-12-05T10:24:15.075Z -info : /api/getAllDesigns API Calling
2023-12-05T10:24:15.084Z -info : /api/getAllDesigns -Successfully retrieved all designs
2023-12-05T10:24:20.081Z -info : /api/getAllDesigns API Calling
2023-12-05T10:24:20.086Z -info : /api/getAllDesigns -Successfully retrieved all designs
2023-12-05T10:24:25.083Z -info : /api/getAllDesigns API Calling
2023-12-05T10:24:25.085Z -info : /api/getAllDesigns -Successfully retrieved all designs
2023-12-05T10:24:28.079Z -info : /api/getAllDesigns API Calling
2023-12-05T10:24:28.085Z -info : /api/getAllDesigns -Successfully retrieved all designs
2023-12-05T10:24:43.079Z -info : /api/getAllDesigns API Calling
2023-12-05T10:24:43.100Z -info : /api/getAllDesigns -Successfully retrieved all designs
2023-12-05T10:25:05.075Z -info : /api/getAllDesigns API Calling
2023-12-05T10:25:05.094Z -info : /api/getAllDesigns -Successfully retrieved all designs
2023-12-05T10:25:16.120Z -info : /api/getAllDesigns API Calling
2023-12-05T10:25:16.157Z -info : /api/getAllDesigns -Successfully retrieved all designs
2023-12-05T10:25:19.076Z -info : /api/getAllDesigns API Calling
2023-12-05T10:25:19.082Z -info : /api/getAllDesigns -Successfully retrieved all designs
2023-12-05T10:25:23.965Z -info : /api/getAllDesigns API Calling
2023-12-05T10:25:23.972Z -info : /api/getAllDesigns -Successfully retrieved all designs
2023-12-05T10:25:41.092Z -info : /api/getAllDesigns API Calling
2023-12-05T10:25:41.110Z -info : /api/getAllDesigns -Successfully retrieved all designs
2023-12-05T10:25:44.086Z -info : /api/getAllDesigns API Calling
2023-12-05T10:25:44.089Z -info : /api/getAllDesigns -Successfully retrieved all designs
2023-12-05T10:25:47.076Z -info : /api/getAllDesigns API Calling
2023-12-05T10:25:47.081Z -info : /api/getAllDesigns -Successfully retrieved all designs
2023-12-05T10:25:49.080Z -info : /api/getAllDesigns API Calling
2023-12-05T10:25:49.085Z -info : /api/getAllDesigns -Successfully retrieved all designs
2023-12-05T10:26:22.084Z -info : /api/getAllDesigns API Calling
2023-12-05T10:26:22.104Z -info : /api/getAllDesigns -Successfully retrieved all designs
2023-12-05T10:26:24.076Z -info : /api/getAllDesigns API Calling
2023-12-05T10:26:24.079Z -info : /api/getAllDesigns -Successfully retrieved all designs
2023-12-05T10:26:26.079Z -info : /api/getAllDesigns API Calling
2023-12-05T10:26:26.082Z -info : /api/getAllDesigns -Successfully retrieved all designs
2023-12-05T10:26:35.075Z -info : /api/getAllDesigns API Calling
2023-12-05T10:26:35.081Z -info : /api/getAllDesigns -Successfully retrieved all designs
2023-12-05T10:26:37.073Z -info : /api/getAllDesigns API Calling
2023-12-05T10:26:37.076Z -info : /api/getAllDesigns -Successfully retrieved all designs
2023-12-05T10:26:39.082Z -info : /api/getAllDesigns API Calling
2023-12-05T10:26:39.087Z -info : /api/getAllDesigns -Successfully retrieved all designs
2023-12-05T10:26:49.076Z -info : /api/getAllDesigns API Calling
2023-12-05T10:26:49.081Z -info : /api/getAllDesigns -Successfully retrieved all designs
2023-12-05T10:26:52.084Z -info : /api/getAllDesigns API Calling
2023-12-05T10:26:52.087Z -info : /api/getAllDesigns -Successfully retrieved all designs
2023-12-05T10:26:53.388Z -info : /api/getAllDesigns API Calling
2023-12-05T10:26:53.394Z -info : /api/getAllDesigns -Successfully retrieved all designs
2023-12-05T10:27:01.171Z -info : /api/getAllDesigns API Calling
2023-12-05T10:27:01.184Z -info : /api/getAllDesigns -Successfully retrieved all designs
2023-12-05T10:27:19.891Z -info : /api/getAllDesigns API Calling
2023-12-05T10:27:19.909Z -info : /api/getAllDesigns -Successfully retrieved all designs
2023-12-05T10:27:35.082Z -info : /api/getAllDesigns API Calling
2023-12-05T10:27:35.105Z -info : /api/getAllDesigns -Successfully retrieved all designs
2023-12-05T10:27:38.654Z -info : /api/getAllDesigns API Calling
2023-12-05T10:27:38.658Z -info : /api/getAllDesigns -Successfully retrieved all designs
2023-12-05T10:27:45.080Z -info : /api/getAllDesigns API Calling
2023-12-05T10:27:45.085Z -info : /api/getAllDesigns -Successfully retrieved all designs
2023-12-05T10:27:46.084Z -info : /api/getAllDesigns API Calling
2023-12-05T10:27:46.088Z -info : /api/getAllDesigns -Successfully retrieved all designs
2023-12-05T10:27:50.079Z -info : /api/getAllDesigns API Calling
2023-12-05T10:27:50.084Z -info : /api/getAllDesigns -Successfully retrieved all designs
2023-12-05T10:27:51.089Z -info : /api/getAllDesigns API Calling
2023-12-05T10:27:51.094Z -info : /api/getAllDesigns -Successfully retrieved all designs
2023-12-05T10:27:53.085Z -info : /api/getAllDesigns API Calling
2023-12-05T10:27:53.088Z -info : /api/getAllDesigns -Successfully retrieved all designs
2023-12-05T10:27:54.735Z -info : /api/getAllDesigns API Calling
2023-12-05T10:27:54.743Z -info : /api/getAllDesigns -Successfully retrieved all designs
2023-12-05T10:28:17.080Z -info : /api/getAllDesigns API Calling
2023-12-05T10:28:17.095Z -info : /api/getAllDesigns -Successfully retrieved all designs
2023-12-05T10:28:43.013Z -info : /api/getAllDesigns API Calling
2023-12-05T10:28:43.031Z -info : /api/getAllDesigns -Successfully retrieved all designs
2023-12-05T10:28:44.475Z -info : /api/getAllDesigns API Calling
2023-12-05T10:28:44.482Z -info : /api/getAllDesigns -Successfully retrieved all designs
2023-12-05T10:29:13.565Z -info : /api/getAllDesigns API Calling
2023-12-05T10:29:13.588Z -info : /api/getAllDesigns -Successfully retrieved all designs
2023-12-05T10:29:18.735Z -info : /api/milestone_0.5/demochecklist/Route/preChecklist API Calling.
2023-12-05T10:29:18.769Z -info : Checklist Questions Send for Route and milestone_0.5 Successfully.
2023-12-05T10:29:21.993Z -info : /api/getAllDesigns API Calling
2023-12-05T10:29:21.999Z -info : /api/getAllDesigns -Successfully retrieved all designs
2023-12-05T10:29:26.201Z -info : /api/milestone_0.5/demochecklist/Route/preChecklist API Calling.
2023-12-05T10:29:26.216Z -info : Checklist Questions Send for Route and milestone_0.5 Successfully.
2023-12-05T10:29:28.597Z -info : /api/getAllDesigns API Calling
2023-12-05T10:29:28.603Z -info : /api/getAllDesigns -Successfully retrieved all designs
2023-12-05T10:29:30.612Z -info : /api/milestone_0.8/demochecklist/Route/preChecklist API Calling.
2023-12-05T10:29:30.620Z -info : Checklist Send for Route and milestone_0.8 Successfully.
2023-12-05T10:29:34.390Z -info : /api/getAllDesigns API Calling
2023-12-05T10:29:34.401Z -info : /api/getAllDesigns -Successfully retrieved all designs
2023-12-05T10:30:09.087Z -info : /api/getAllDesigns API Calling
2023-12-05T10:30:09.112Z -info : /api/getAllDesigns -Successfully retrieved all designs
2023-12-05T10:30:40.014Z -info : /api/getAllDesigns API Calling
2023-12-05T10:30:40.059Z -info : /api/getAllDesigns -Successfully retrieved all designs
2023-12-05T10:30:43.256Z -info : /api/getAllDesigns API Calling
2023-12-05T10:30:43.262Z -info : /api/getAllDesigns -Successfully retrieved all designs
2023-12-05T10:30:47.479Z -info : /api/getAllDesigns API Calling
2023-12-05T10:30:47.484Z -info : /api/getAllDesigns -Successfully retrieved all designs
2023-12-05T10:30:55.334Z -info : /api/getAllDesigns API Calling
2023-12-05T10:30:55.341Z -info : /api/getAllDesigns -Successfully retrieved all designs
2023-12-05T10:31:59.940Z -info : /api/getAllDesigns API Calling
2023-12-05T10:31:59.980Z -info : /api/getAllDesigns -Successfully retrieved all designs
2023-12-05T10:32:08.716Z -info : /api/milestone_1.0/demochecklist/Placement/preChecklist API Calling.
2023-12-05T10:32:08.732Z -info : Checklist Questions Send for Placement and milestone_1.0 Successfully.
2023-12-05T10:32:11.949Z -info : /api/getAllDesigns API Calling
2023-12-05T10:32:11.956Z -info : /api/getAllDesigns -Successfully retrieved all designs
2023-12-05T10:32:23.075Z -info : /api/getAllDesigns API Calling
2023-12-05T10:32:23.092Z -info : /api/getAllDesigns -Successfully retrieved all designs
2023-12-05T10:33:04.104Z -info : /api/getAllDesigns API Calling
2023-12-05T10:33:04.139Z -info : /api/getAllDesigns -Successfully retrieved all designs
2023-12-05T10:33:18.076Z -info : /api/getAllDesigns API Calling
2023-12-05T10:33:18.090Z -info : /api/getAllDesigns -Successfully retrieved all designs
2023-12-05T10:33:19.636Z -info : /api/getAllDesigns API Calling
2023-12-05T10:33:19.644Z -info : /api/getAllDesigns -Successfully retrieved all designs
2023-12-05T10:33:36.362Z -info : /api/getAllDesigns API Calling
2023-12-05T10:33:36.379Z -info : /api/getAllDesigns -Successfully retrieved all designs
2023-12-05T10:33:51.066Z -info : /api/getAllDesigns API Calling
2023-12-05T10:33:51.079Z -info : /api/getAllDesigns -Successfully retrieved all designs
2023-12-05T10:34:04.016Z -info : /api/getAllDesigns API Calling
2023-12-05T10:34:04.031Z -info : /api/getAllDesigns -Successfully retrieved all designs
2023-12-05T10:34:16.084Z -info : /api/getAllDesigns API Calling
2023-12-05T10:34:16.094Z -info : /api/getAllDesigns -Successfully retrieved all designs
2023-12-05T10:37:17.090Z -info : /api/getAllDesigns API Calling
2023-12-05T10:37:17.127Z -info : /api/getAllDesigns -Successfully retrieved all designs
2023-12-05T10:37:18.083Z -info : /api/getAllDesigns API Calling
2023-12-05T10:37:18.090Z -info : /api/getAllDesigns -Successfully retrieved all designs
2023-12-05T10:37:24.091Z -info : /api/getAllDesigns API Calling
2023-12-05T10:37:24.098Z -info : /api/getAllDesigns -Successfully retrieved all designs
2023-12-05T10:37:28.085Z -info : /api/getAllDesigns API Calling
2023-12-05T10:37:28.093Z -info : /api/getAllDesigns -Successfully retrieved all designs
2023-12-05T10:37:46.083Z -info : /api/getAllDesigns API Calling
2023-12-05T10:37:46.104Z -info : /api/getAllDesigns -Successfully retrieved all designs
2023-12-05T10:38:22.081Z -info : /api/getAllDesigns API Calling
2023-12-05T10:38:22.101Z -info : /api/getAllDesigns -Successfully retrieved all designs
2023-12-05T10:38:55.105Z -info : /api/getAllDesigns API Calling
2023-12-05T10:38:55.124Z -info : /api/getAllDesigns -Successfully retrieved all designs
2023-12-05T10:39:00.120Z -info : /api/getAllDesigns API Calling
2023-12-05T10:39:00.124Z -info : /api/getAllDesigns -Successfully retrieved all designs
2023-12-05T10:39:06.290Z -info : /api/getAllDesigns API Calling
2023-12-05T10:39:06.299Z -info : /api/getAllDesigns -Successfully retrieved all designs
2023-12-05T10:39:18.940Z -info : /api/getAllDesigns API Calling
2023-12-05T10:39:18.961Z -info : /api/getAllDesigns -Successfully retrieved all designs
2023-12-05T10:39:43.629Z -info : /api/getAllDesigns API Calling
2023-12-05T10:39:43.652Z -info : /api/getAllDesigns -Successfully retrieved all designs
2023-12-05T10:39:50.573Z -info : /api/getAllDesigns API Calling
2023-12-05T10:39:50.578Z -info : /api/getAllDesigns -Successfully retrieved all designs
2023-12-05T10:40:01.393Z -info : /api/getAllDesigns API Calling
2023-12-05T10:40:01.412Z -info : /api/getAllDesigns -Successfully retrieved all designs
2023-12-05T10:40:44.968Z -info : /api/getAllDesigns API Calling
2023-12-05T10:40:44.993Z -info : /api/getAllDesigns -Successfully retrieved all designs
2023-12-05T10:42:25.317Z -info : /api/getAllDesigns API Calling
2023-12-05T10:42:25.344Z -info : /api/getAllDesigns -Successfully retrieved all designs
2023-12-05T10:42:55.699Z -info : /api/getAllDesigns API Calling
2023-12-05T10:42:55.725Z -info : /api/getAllDesigns -Successfully retrieved all designs
2023-12-05T11:04:25.970Z -info : /api/getAllDesigns API Calling
2023-12-05T11:04:25.992Z -info : /api/getAllDesigns -Successfully retrieved all designs
2023-12-05T11:04:44.888Z -info : /api/getAllDesigns API Calling
2023-12-05T11:04:44.900Z -info : /api/getAllDesigns -Successfully retrieved all designs
2023-12-05T11:05:01.346Z -info : /api/milestone_0.5/demochecklist/Synthesis/preChecklist API Calling.
2023-12-05T11:05:01.375Z -info : Checklist Send for Synthesis and milestone_0.5 Successfully.
2023-12-05T11:05:03.769Z -info : /api/milestone_0.5/demochecklist/Synthesis/preChecklist API Calling.
2023-12-05T11:05:03.774Z -info : Checklist Send for Synthesis and milestone_0.5 Successfully.
2023-12-05T11:06:49.440Z -info : Connection to the MySQL database has been established successfully.
2023-12-05T11:06:52.987Z -info : /api/milestone_0.5/demochecklist/Synthesis/preChecklist API Calling.
2023-12-05T11:06:53.005Z -info : Checklist Send for Synthesis and milestone_0.5 Successfully.
2023-12-05T11:06:55.920Z -info : /api/milestone_0.5/demochecklist/Synthesis/preChecklist API Calling.
2023-12-05T11:06:55.924Z -info : Checklist Send for Synthesis and milestone_0.5 Successfully.
2023-12-05T11:06:58.390Z -info : /api/getAllDesigns API Calling
2023-12-05T11:06:58.406Z -info : /api/getAllDesigns -Successfully retrieved all designs
2023-12-05T11:07:10.094Z -info : /api/getAllDesigns API Calling
2023-12-05T11:07:10.118Z -info : /api/getAllDesigns -Successfully retrieved all designs
2023-12-05T11:07:36.969Z -info : /api/getAllDesigns API Calling
2023-12-05T11:07:36.995Z -info : /api/getAllDesigns -Successfully retrieved all designs
2023-12-05T11:07:44.862Z -info : /api/getAllDesigns API Calling
2023-12-05T11:07:44.870Z -info : /api/getAllDesigns -Successfully retrieved all designs
2023-12-05T11:08:24.778Z -info : /api/getAllDesigns API Calling
2023-12-05T11:08:24.807Z -info : /api/getAllDesigns -Successfully retrieved all designs
2023-12-05T11:08:28.708Z -info : /api/milestone_0.5/demochecklist/Placement/preChecklist API Calling.
2023-12-05T11:08:28.722Z -info : Checklist Send for Placement and milestone_0.5 Successfully.
2023-12-05T11:08:31.653Z -info : /api/getAllDesigns API Calling
2023-12-05T11:08:31.658Z -info : /api/getAllDesigns -Successfully retrieved all designs
2023-12-05T11:09:25.280Z -info : /api/getAllDesigns API Calling
2023-12-05T11:09:25.299Z -info : /api/getAllDesigns -Successfully retrieved all designs
2023-12-05T11:09:50.869Z -info : /api/getAllDesigns API Calling
2023-12-05T11:09:50.882Z -info : /api/getAllDesigns -Successfully retrieved all designs
2023-12-05T11:11:36.840Z -info : /api/getAllDesigns API Calling
2023-12-05T11:11:36.869Z -info : /api/getAllDesigns -Successfully retrieved all designs
2023-12-05T11:11:42.650Z -info : /api/getAllDesigns API Calling
2023-12-05T11:11:42.660Z -info : /api/getAllDesigns -Successfully retrieved all designs
2023-12-05T11:12:13.300Z -info : /api/getAllDesigns API Calling
2023-12-05T11:12:13.329Z -info : /api/getAllDesigns -Successfully retrieved all designs
2023-12-05T11:12:15.301Z -info : /api/getAllDesigns API Calling
2023-12-05T11:12:15.313Z -info : /api/getAllDesigns -Successfully retrieved all designs
2023-12-05T11:12:19.911Z -info : /api/getAllDesigns API Calling
2023-12-05T11:12:19.916Z -info : /api/getAllDesigns -Successfully retrieved all designs
2023-12-05T11:12:22.738Z -info : /api/milestone_0.5/demochecklist/CTS/preChecklist API Calling.
2023-12-05T11:12:22.765Z -info : Checklist Questions Send for CTS and milestone_0.5 Successfully.
2023-12-05T11:13:10.745Z -info : /api/milestone_0.5/demochecklist/CTS/preChecklist API Calling.
2023-12-05T11:13:10.778Z -info : Checklist Questions Send for CTS and milestone_0.5 Successfully.
2023-12-05T11:13:25.941Z -info : /api/milestone_0.5/demochecklist/CTS/preChecklist API Calling.
2023-12-05T11:13:25.975Z -info : Checklist Questions Send for CTS and milestone_0.5 Successfully.
2023-12-05T11:15:37.674Z -info : /api/getAllDesigns API Calling
2023-12-05T11:15:37.701Z -info : /api/getAllDesigns -Successfully retrieved all designs
2023-12-05T11:15:39.503Z -info : /api/milestone_0.5/demochecklist/Synthesis/preChecklist API Calling.
2023-12-05T11:15:39.511Z -info : Checklist Send for Synthesis and milestone_0.5 Successfully.
2023-12-05T11:18:42.086Z -info : /api/milestone_0.5/demochecklist/Synthesis/preChecklist API Calling.
2023-12-05T11:18:42.116Z -info : Checklist Send for Synthesis and milestone_0.5 Successfully.
2023-12-05T11:19:19.089Z -info : /api/milestone_0.5/demochecklist/Synthesis/preChecklist API Calling.
2023-12-05T11:19:19.115Z -info : Checklist Send for Synthesis and milestone_0.5 Successfully.
2023-12-05T11:19:29.096Z -info : /api/milestone_0.5/demochecklist/Synthesis/preChecklist API Calling.
2023-12-05T11:19:29.103Z -info : Checklist Send for Synthesis and milestone_0.5 Successfully.
2023-12-05T11:19:46.009Z -info : /api/milestone_0.5/demochecklist/Synthesis/preChecklist API Calling.
2023-12-05T11:19:46.032Z -info : Checklist Send for Synthesis and milestone_0.5 Successfully.
2023-12-05T11:22:04.446Z -info : /api/milestone_0.5/demochecklist/Synthesis/preChecklist API Calling.
2023-12-05T11:22:04.466Z -info : Checklist Send for Synthesis and milestone_0.5 Successfully.
2023-12-05T11:22:06.819Z -info : /api/milestone_0.5/demochecklist/Synthesis/preChecklist API Calling.
2023-12-05T11:22:06.824Z -info : Checklist Send for Synthesis and milestone_0.5 Successfully.
2023-12-05T11:22:08.852Z -info : /api/milestone_0.5/demochecklist/Synthesis/preChecklist API Calling.
2023-12-05T11:22:08.859Z -info : Checklist Send for Synthesis and milestone_0.5 Successfully.
2023-12-05T11:22:10.748Z -info : /api/getAllDesigns API Calling
2023-12-05T11:22:10.756Z -info : /api/getAllDesigns -Successfully retrieved all designs
2023-12-05T12:47:04.385Z -info : /api/getAllDesigns API Calling
2023-12-05T12:47:04.412Z -info : /api/getAllDesigns -Successfully retrieved all designs
2023-12-05T13:51:36.013Z -info : /api/getAllDesigns API Calling
2023-12-05T13:51:36.116Z -info : /api/getAllDesigns -Successfully retrieved all designs
2023-12-05T13:55:47.631Z -info : /api/milestone_0.5/demochecklist/Placement/preChecklist API Calling.
2023-12-05T13:55:47.685Z -info : Checklist Send for Placement and milestone_0.5 Successfully.
2023-12-05T13:55:49.201Z -info : /api/milestone_0.5/demochecklist/Placement/preChecklist API Calling.
2023-12-05T13:55:49.218Z -info : Checklist Send for Placement and milestone_0.5 Successfully.
2023-12-05T14:01:33.079Z -info : /api/milestone_0.5/demochecklist/Placement/preChecklist API Calling.
2023-12-05T14:01:33.125Z -info : Checklist Send for Placement and milestone_0.5 Successfully.
2023-12-05T14:43:33.519Z -info : /api/getAllDesigns API Calling
2023-12-05T14:43:33.601Z -info : /api/getAllDesigns -Successfully retrieved all designs
2023-12-06T04:57:44.299Z -info : /api/getAllDesigns API Calling
2023-12-06T04:57:44.347Z -info : /api/getAllDesigns -Successfully retrieved all designs
2023-12-06T04:58:06.170Z -info : /api/getAllDesigns API Calling
2023-12-06T04:58:06.221Z -info : /api/getAllDesigns -Successfully retrieved all designs
2023-12-06T04:58:19.455Z -info : /api/milestone_0.5/demochecklist/Synthesis/preChecklist API Calling.
2023-12-06T04:58:19.489Z -info : Checklist Send for Synthesis and milestone_0.5 Successfully.
2023-12-06T04:58:22.469Z -info : /api/milestone_0.5/demochecklist/Synthesis/preChecklist API Calling.
2023-12-06T04:58:22.482Z -info : Checklist Send for Synthesis and milestone_0.5 Successfully.
2023-12-06T04:58:26.728Z -info : /api/getAllDesigns API Calling
2023-12-06T04:58:26.740Z -info : /api/getAllDesigns -Successfully retrieved all designs
2023-12-06T04:58:31.999Z -info : /api/milestone_0.5/demochecklist/CTS/preChecklist API Calling.
2023-12-06T04:58:32.023Z -info : Checklist Questions Send for CTS and milestone_0.5 Successfully.
2023-12-06T04:58:35.438Z -info : /api/getAllDesigns API Calling
2023-12-06T04:58:35.448Z -info : /api/getAllDesigns -Successfully retrieved all designs
2023-12-06T04:58:37.981Z -info : /api/milestone_0.8/demochecklist/Route/preChecklist API Calling.
2023-12-06T04:58:37.996Z -info : Checklist Send for Route and milestone_0.8 Successfully.
2023-12-06T04:58:40.573Z -info : /api/getAllDesigns API Calling
2023-12-06T04:58:40.586Z -info : /api/getAllDesigns -Successfully retrieved all designs
2023-12-06T04:58:42.550Z -info : /api/milestone_0.5/demochecklist/Route/preChecklist API Calling.
2023-12-06T04:58:42.566Z -info : Checklist Questions Send for Route and milestone_0.5 Successfully.
2023-12-06T04:58:44.853Z -info : /api/getAllDesigns API Calling
2023-12-06T04:58:44.872Z -info : /api/getAllDesigns -Successfully retrieved all designs
2023-12-06T04:58:48.131Z -info : /api/milestone_1.0/demochecklist/Route/preChecklist API Calling.
2023-12-06T04:58:48.146Z -info : Checklist Questions Send for Route and milestone_1.0 Successfully.
2023-12-06T04:58:52.005Z -info : /api/getAllDesigns API Calling
2023-12-06T04:58:52.017Z -info : /api/getAllDesigns -Successfully retrieved all designs
2023-12-06T04:58:58.161Z -info : /api/milestone_0.8/demochecklist/Route/preChecklist API Calling.
2023-12-06T04:58:58.185Z -info : Checklist Send for Route and milestone_0.8 Successfully.
2023-12-06T04:59:01.426Z -info : /api/getAllDesigns API Calling
2023-12-06T04:59:01.443Z -info : /api/getAllDesigns -Successfully retrieved all designs
2023-12-06T05:04:47.782Z -info : /api/getAllDesigns API Calling
2023-12-06T05:04:47.813Z -info : /api/getAllDesigns -Successfully retrieved all designs
2023-12-06T05:04:55.631Z -info : /api/getAllDesigns API Calling
2023-12-06T05:04:55.651Z -info : /api/getAllDesigns -Successfully retrieved all designs
2023-12-06T05:04:59.139Z -info : /api/getAllDesigns API Calling
2023-12-06T05:04:59.150Z -info : /api/getAllDesigns -Successfully retrieved all designs
2023-12-06T05:06:40.540Z -info : /api/getAllDesigns API Calling
2023-12-06T05:06:40.582Z -info : /api/getAllDesigns -Successfully retrieved all designs
2023-12-06T05:07:53.627Z -info : /api/getAllDesigns API Calling
2023-12-06T05:07:53.656Z -info : /api/getAllDesigns -Successfully retrieved all designs
2023-12-06T05:08:23.723Z -info : /api/getAllDesigns API Calling
2023-12-06T05:08:23.754Z -info : /api/getAllDesigns -Successfully retrieved all designs
2023-12-06T05:11:24.256Z -info : /api/getAllDesigns API Calling
2023-12-06T05:11:24.274Z -info : /api/getAllDesigns -Successfully retrieved all designs
2023-12-06T05:12:56.425Z -info : /api/getAllDesigns API Calling
2023-12-06T05:12:56.461Z -info : /api/getAllDesigns -Successfully retrieved all designs
2023-12-06T05:51:51.100Z -info : Connection to the MySQL database has been established successfully.
2023-12-06T05:52:32.559Z -info : /api/getAllDesigns API Calling
2023-12-06T05:52:32.652Z -info : /api/getAllDesigns -Successfully retrieved all designs
2023-12-06T05:52:37.180Z -info : /api/milestone_0.5/demochecklist/Floorplan/preChecklist API Calling.
2023-12-06T05:52:37.219Z -info : Checklist Send for Floorplan and milestone_0.5 Successfully.
2023-12-06T05:52:40.576Z -info : /api/getAllDesigns API Calling
2023-12-06T05:52:40.588Z -info : /api/getAllDesigns -Successfully retrieved all designs
2023-12-06T05:58:39.965Z -info : Connection to the MySQL database has been established successfully.
2023-12-06T05:58:52.368Z -info : Connection to the MySQL database has been established successfully.
2023-12-06T05:58:56.365Z -info : Connection to the MySQL database has been established successfully.
2023-12-06T05:59:05.990Z -info : Connection to the MySQL database has been established successfully.
2023-12-06T05:59:31.995Z -info : Connection to the MySQL database has been established successfully.
2023-12-06T06:01:12.306Z -info : Connection to the MySQL database has been established successfully.
2023-12-06T06:01:23.052Z -info : Connection to the MySQL database has been established successfully.
2023-12-06T06:02:00.467Z -info : Connection to the MySQL database has been established successfully.
2023-12-06T06:02:07.802Z -info : Connection to the MySQL database has been established successfully.
2023-12-06T06:02:14.730Z -info : Connection to the MySQL database has been established successfully.
2023-12-06T06:02:18.259Z -info : Connection to the MySQL database has been established successfully.
2023-12-06T06:02:37.035Z -info : Connection to the MySQL database has been established successfully.
2023-12-06T06:02:44.772Z -info : Connection to the MySQL database has been established successfully.
2023-12-06T06:03:01.631Z -info : Connection to the MySQL database has been established successfully.
2023-12-06T06:07:29.678Z -info : /api/getAllDesigns API Calling
2023-12-06T06:07:29.718Z -info : /api/getAllDesigns -Successfully retrieved all designs
2023-12-06T06:13:20.837Z -info : /api/getAllDesigns API Calling
2023-12-06T06:13:20.905Z -info : /api/getAllDesigns -Successfully retrieved all designs
2023-12-06T07:01:24.458Z -info : Connection to the MySQL database has been established successfully.
2023-12-06T07:12:44.281Z -info : Connection to the MySQL database has been established successfully.
2023-12-06T07:12:51.696Z -info : Connection to the MySQL database has been established successfully.
2023-12-06T07:12:57.816Z -info : Connection to the MySQL database has been established successfully.
2023-12-06T07:13:35.463Z -info : Connection to the MySQL database has been established successfully.
2023-12-06T07:13:48.168Z -info : Connection to the MySQL database has been established successfully.
